{"/home/sms/code/cabinetbuilder/src/App.vue": {"path":"/home/sms/code/cabinetbuilder/src/App.vue","statementMap":{"0":{"start":{"line":330,"column":13},"end":{"line":330,"column":null}},"1":{"start":{"line":331,"column":13},"end":{"line":331,"column":null}},"2":{"start":{"line":332,"column":12},"end":{"line":332,"column":null}},"3":{"start":{"line":333,"column":15},"end":{"line":333,"column":null}},"4":{"start":{"line":334,"column":18},"end":{"line":334,"column":null}},"5":{"start":{"line":337,"column":20},"end":{"line":337,"column":null}},"6":{"start":{"line":338,"column":18},"end":{"line":338,"column":null}},"7":{"start":{"line":341,"column":19},"end":{"line":341,"column":null}},"8":{"start":{"line":342,"column":18},"end":{"line":342,"column":null}},"9":{"start":{"line":343,"column":18},"end":{"line":343,"column":null}},"10":{"start":{"line":344,"column":17},"end":{"line":344,"column":null}},"11":{"start":{"line":347,"column":28},"end":{"line":355,"column":null}},"12":{"start":{"line":358,"column":83},"end":{"line":361,"column":null}},"13":{"start":{"line":374,"column":3},"end":{"line":378,"column":null}},"14":{"start":{"line":63,"column":43},"end":{"line":66,"column":null}},"15":{"start":{"line":66,"column":114},"end":{"line":66,"column":null}},"16":{"start":{"line":121,"column":36},"end":{"line":136,"column":null}},"17":{"start":{"line":136,"column":55},"end":{"line":136,"column":null}},"18":{"start":{"line":141,"column":28},"end":{"line":152,"column":null}},"19":{"start":{"line":161,"column":36},"end":{"line":161,"column":null}},"20":{"start":{"line":165,"column":35},"end":{"line":166,"column":null}},"21":{"start":{"line":166,"column":38},"end":{"line":166,"column":null}},"22":{"start":{"line":175,"column":48},"end":{"line":182,"column":null}},"23":{"start":{"line":179,"column":71},"end":{"line":182,"column":null}},"24":{"start":{"line":191,"column":48},"end":{"line":199,"column":null}},"25":{"start":{"line":230,"column":42},"end":{"line":243,"column":null}},"26":{"start":{"line":232,"column":43},"end":{"line":232,"column":null}},"27":{"start":{"line":235,"column":59},"end":{"line":243,"column":null}},"28":{"start":{"line":254,"column":29},"end":{"line":254,"column":null}},"29":{"start":{"line":257,"column":31},"end":{"line":273,"column":null}},"30":{"start":{"line":258,"column":45},"end":{"line":268,"column":null}},"31":{"start":{"line":264,"column":53},"end":{"line":268,"column":null}},"32":{"start":{"line":273,"column":37},"end":{"line":273,"column":null}},"33":{"start":{"line":285,"column":47},"end":{"line":285,"column":null}}},"fnMap":{"0":{"name":"(anonymous_0)","decl":{"start":{"line":179,"column":90},"end":{"line":179,"column":null}},"loc":{"start":{"line":179,"column":66},"end":{"line":182,"column":null}},"line":179},"1":{"name":"(anonymous_1)","decl":{"start":{"line":235,"column":75},"end":{"line":235,"column":null}},"loc":{"start":{"line":235,"column":55},"end":{"line":243,"column":null}},"line":235},"2":{"name":"(anonymous_2)","decl":{"start":{"line":258,"column":69},"end":{"line":258,"column":null}},"loc":{"start":{"line":258,"column":41},"end":{"line":268,"column":null}},"line":258},"3":{"name":"(anonymous_3)","decl":{"start":{"line":264,"column":65},"end":{"line":264,"column":null}},"loc":{"start":{"line":264,"column":49},"end":{"line":268,"column":null}},"line":264}},"branchMap":{"0":{"loc":{"start":{"line":32,"column":97},"end":{"line":33,"column":null}},"type":"cond-expr","locations":[{"start":{"line":33,"column":63},"end":{"line":33,"column":null}},{"start":{"line":33,"column":63},"end":{"line":33,"column":null}}],"line":32},"1":{"loc":{"start":{"line":32,"column":97},"end":{"line":33,"column":null}},"type":"cond-expr","locations":[{"start":{"line":32,"column":97},"end":{"line":33,"column":null}},{"start":{"line":32,"column":97},"end":{"line":33,"column":null}}],"line":32},"2":{"loc":{"start":{"line":32,"column":97},"end":{"line":34,"column":null}},"type":"cond-expr","locations":[{"start":{"line":34,"column":61},"end":{"line":34,"column":null}},{"start":{"line":34,"column":61},"end":{"line":34,"column":null}}],"line":32},"3":{"loc":{"start":{"line":32,"column":97},"end":{"line":34,"column":null}},"type":"cond-expr","locations":[{"start":{"line":32,"column":97},"end":{"line":34,"column":null}},{"start":{"line":32,"column":97},"end":{"line":34,"column":null}}],"line":32},"4":{"loc":{"start":{"line":32,"column":97},"end":{"line":35,"column":null}},"type":"cond-expr","locations":[{"start":{"line":35,"column":62},"end":{"line":35,"column":null}},{"start":{"line":35,"column":62},"end":{"line":35,"column":null}}],"line":32},"5":{"loc":{"start":{"line":32,"column":97},"end":{"line":35,"column":null}},"type":"cond-expr","locations":[{"start":{"line":32,"column":97},"end":{"line":35,"column":null}},{"start":{"line":32,"column":97},"end":{"line":35,"column":null}}],"line":32},"6":{"loc":{"start":{"line":32,"column":97},"end":{"line":36,"column":null}},"type":"cond-expr","locations":[{"start":{"line":36,"column":62},"end":{"line":36,"column":null}},{"start":{"line":36,"column":62},"end":{"line":36,"column":null}}],"line":32},"7":{"loc":{"start":{"line":32,"column":97},"end":{"line":36,"column":null}},"type":"cond-expr","locations":[{"start":{"line":32,"column":97},"end":{"line":36,"column":null}},{"start":{"line":32,"column":97},"end":{"line":36,"column":null}}],"line":32},"8":{"loc":{"start":{"line":32,"column":97},"end":{"line":37,"column":null}},"type":"cond-expr","locations":[{"start":{"line":37,"column":62},"end":{"line":37,"column":null}},{"start":{"line":37,"column":62},"end":{"line":37,"column":null}}],"line":32},"9":{"loc":{"start":{"line":32,"column":97},"end":{"line":37,"column":null}},"type":"cond-expr","locations":[{"start":{"line":32,"column":97},"end":{"line":37,"column":null}},{"start":{"line":32,"column":97},"end":{"line":37,"column":null}}],"line":32},"10":{"loc":{"start":{"line":57,"column":111},"end":{"line":57,"column":null}},"type":"cond-expr","locations":[{"start":{"line":57,"column":123},"end":{"line":57,"column":null}},{"start":{"line":57,"column":123},"end":{"line":57,"column":null}}],"line":57},"11":{"loc":{"start":{"line":57,"column":111},"end":{"line":57,"column":123}},"type":"cond-expr","locations":[{"start":{"line":57,"column":111},"end":{"line":57,"column":null}},{"start":{"line":57,"column":111},"end":{"line":57,"column":123}}],"line":57},"12":{"loc":{"start":{"line":63,"column":43},"end":{"line":66,"column":null}},"type":"if","locations":[{"start":{"line":63,"column":43},"end":{"line":66,"column":null}}],"line":63},"13":{"loc":{"start":{"line":119,"column":48},"end":{"line":119,"column":null}},"type":"cond-expr","locations":[{"start":{"line":119,"column":68},"end":{"line":119,"column":null}},{"start":{"line":119,"column":68},"end":{"line":119,"column":null}}],"line":119},"14":{"loc":{"start":{"line":121,"column":36},"end":{"line":136,"column":null}},"type":"if","locations":[{"start":{"line":121,"column":36},"end":{"line":136,"column":null}}],"line":121},"15":{"loc":{"start":{"line":141,"column":28},"end":{"line":152,"column":null}},"type":"if","locations":[{"start":{"line":141,"column":28},"end":{"line":152,"column":null}}],"line":141},"16":{"loc":{"start":{"line":141,"column":28},"end":{"line":141,"column":null}},"type":"binary-expr","locations":[{"start":{"line":141,"column":28},"end":{"line":141,"column":48}},{"start":{"line":141,"column":52},"end":{"line":141,"column":null}}],"line":141},"17":{"loc":{"start":{"line":161,"column":36},"end":{"line":161,"column":null}},"type":"if","locations":[{"start":{"line":161,"column":36},"end":{"line":161,"column":null}}],"line":161},"18":{"loc":{"start":{"line":165,"column":35},"end":{"line":166,"column":null}},"type":"if","locations":[{"start":{"line":165,"column":35},"end":{"line":166,"column":null}}],"line":165},"19":{"loc":{"start":{"line":165,"column":35},"end":{"line":165,"column":65}},"type":"binary-expr","locations":[{"start":{"line":165,"column":35},"end":{"line":165,"column":50}},{"start":{"line":165,"column":54},"end":{"line":165,"column":65}}],"line":165},"20":{"loc":{"start":{"line":175,"column":48},"end":{"line":182,"column":null}},"type":"if","locations":[{"start":{"line":175,"column":48},"end":{"line":182,"column":null}}],"line":175},"21":{"loc":{"start":{"line":180,"column":123},"end":{"line":180,"column":null}},"type":"cond-expr","locations":[{"start":{"line":180,"column":147},"end":{"line":180,"column":null}},{"start":{"line":180,"column":147},"end":{"line":180,"column":null}}],"line":180},"22":{"loc":{"start":{"line":180,"column":123},"end":{"line":180,"column":null}},"type":"cond-expr","locations":[{"start":{"line":180,"column":123},"end":{"line":180,"column":null}},{"start":{"line":180,"column":123},"end":{"line":180,"column":null}}],"line":180},"23":{"loc":{"start":{"line":191,"column":48},"end":{"line":199,"column":null}},"type":"if","locations":[{"start":{"line":191,"column":48},"end":{"line":199,"column":null}}],"line":191},"24":{"loc":{"start":{"line":195,"column":126},"end":{"line":195,"column":null}},"type":"cond-expr","locations":[{"start":{"line":195,"column":145},"end":{"line":195,"column":null}},{"start":{"line":195,"column":145},"end":{"line":195,"column":null}}],"line":195},"25":{"loc":{"start":{"line":196,"column":47},"end":{"line":196,"column":null}},"type":"cond-expr","locations":[{"start":{"line":196,"column":61},"end":{"line":196,"column":null}},{"start":{"line":196,"column":61},"end":{"line":196,"column":null}}],"line":196},"26":{"loc":{"start":{"line":198,"column":127},"end":{"line":198,"column":null}},"type":"cond-expr","locations":[{"start":{"line":198,"column":146},"end":{"line":198,"column":null}},{"start":{"line":198,"column":146},"end":{"line":198,"column":null}}],"line":198},"27":{"loc":{"start":{"line":199,"column":47},"end":{"line":199,"column":null}},"type":"cond-expr","locations":[{"start":{"line":199,"column":62},"end":{"line":199,"column":null}},{"start":{"line":199,"column":62},"end":{"line":199,"column":null}}],"line":199},"28":{"loc":{"start":{"line":230,"column":42},"end":{"line":243,"column":null}},"type":"if","locations":[{"start":{"line":230,"column":42},"end":{"line":243,"column":null}}],"line":230},"29":{"loc":{"start":{"line":230,"column":42},"end":{"line":230,"column":null}},"type":"binary-expr","locations":[{"start":{"line":230,"column":42},"end":{"line":230,"column":75}},{"start":{"line":230,"column":75},"end":{"line":230,"column":null}}],"line":230},"30":{"loc":{"start":{"line":232,"column":43},"end":{"line":232,"column":null}},"type":"cond-expr","locations":[{"start":{"line":232,"column":73},"end":{"line":232,"column":97}},{"start":{"line":232,"column":97},"end":{"line":232,"column":null}}],"line":232},"31":{"loc":{"start":{"line":243,"column":57},"end":{"line":243,"column":null}},"type":"binary-expr","locations":[{"start":{"line":243,"column":57},"end":{"line":243,"column":67}},{"start":{"line":243,"column":67},"end":{"line":243,"column":null}}],"line":243},"32":{"loc":{"start":{"line":254,"column":29},"end":{"line":254,"column":null}},"type":"if","locations":[{"start":{"line":254,"column":29},"end":{"line":254,"column":null}}],"line":254},"33":{"loc":{"start":{"line":254,"column":29},"end":{"line":254,"column":78}},"type":"binary-expr","locations":[{"start":{"line":254,"column":29},"end":{"line":254,"column":58}},{"start":{"line":254,"column":49},"end":{"line":254,"column":78}}],"line":254},"34":{"loc":{"start":{"line":257,"column":31},"end":{"line":273,"column":null}},"type":"if","locations":[{"start":{"line":257,"column":31},"end":{"line":273,"column":null}},{"start":{"line":273,"column":37},"end":{"line":273,"column":null}}],"line":257},"35":{"loc":{"start":{"line":257,"column":31},"end":{"line":257,"column":119}},"type":"binary-expr","locations":[{"start":{"line":257,"column":31},"end":{"line":257,"column":55}},{"start":{"line":257,"column":59},"end":{"line":257,"column":99}},{"start":{"line":257,"column":90},"end":{"line":257,"column":119}}],"line":257},"36":{"loc":{"start":{"line":273,"column":37},"end":{"line":273,"column":null}},"type":"if","locations":[{"start":{"line":273,"column":37},"end":{"line":273,"column":null}}],"line":273},"37":{"loc":{"start":{"line":273,"column":37},"end":{"line":273,"column":null}},"type":"binary-expr","locations":[{"start":{"line":273,"column":37},"end":{"line":273,"column":57}},{"start":{"line":273,"column":61},"end":{"line":273,"column":92}},{"start":{"line":273,"column":92},"end":{"line":273,"column":null}}],"line":273},"38":{"loc":{"start":{"line":285,"column":47},"end":{"line":285,"column":null}},"type":"if","locations":[{"start":{"line":285,"column":47},"end":{"line":285,"column":null}}],"line":285}},"s":{"0":0,"1":0,"2":0,"3":0,"4":0,"5":0,"6":0,"7":0,"8":0,"9":0,"10":0,"11":0,"12":0,"13":0,"14":0,"15":0,"16":0,"17":0,"18":0,"19":0,"20":0,"21":0,"22":0,"23":0,"24":0,"25":0,"26":0,"27":0,"28":0,"29":0,"30":0,"31":0,"32":0,"33":0},"f":{"0":0,"1":0,"2":0,"3":0},"b":{"0":[0,0],"1":[0,0],"2":[0,0],"3":[0,0],"4":[0,0],"5":[0,0],"6":[0,0],"7":[0,0],"8":[0,0],"9":[0,0],"10":[0,0],"11":[0,0],"12":[0,null],"13":[0,0],"14":[0,null],"15":[0,null],"16":[0,0],"17":[0,null],"18":[0,null],"19":[0,0],"20":[0,null],"21":[0,0],"22":[0,0],"23":[0,null],"24":[0,0],"25":[0,0],"26":[0,0],"27":[0,0],"28":[0,null],"29":[0,0],"30":[0,0],"31":[0,0],"32":[0,null],"33":[0,0],"34":[0,0],"35":[0,0,0],"36":[0,null],"37":[0,0,0],"38":[0,null]},"meta":{"lastBranch":39,"lastFunction":4,"lastStatement":34,"seen":{"s:330:13:330:Infinity":0,"s:331:13:331:Infinity":1,"s:332:12:332:Infinity":2,"s:333:15:333:Infinity":3,"s:334:18:334:Infinity":4,"s:337:20:337:Infinity":5,"s:338:18:338:Infinity":6,"s:341:19:341:Infinity":7,"s:342:18:342:Infinity":8,"s:343:18:343:Infinity":9,"s:344:17:344:Infinity":10,"s:347:28:355:Infinity":11,"s:358:83:361:Infinity":12,"s:374:3:378:Infinity":13,"b:33:63:33:Infinity:33:63:33:Infinity":0,"b:32:97:33:Infinity:32:97:33:Infinity":1,"b:34:61:34:Infinity:34:61:34:Infinity":2,"b:32:97:34:Infinity:32:97:34:Infinity":3,"b:35:62:35:Infinity:35:62:35:Infinity":4,"b:32:97:35:Infinity:32:97:35:Infinity":5,"b:36:62:36:Infinity:36:62:36:Infinity":6,"b:32:97:36:Infinity:32:97:36:Infinity":7,"b:37:62:37:Infinity:37:62:37:Infinity":8,"b:32:97:37:Infinity:32:97:37:Infinity":9,"b:57:123:57:Infinity:57:123:57:Infinity":10,"b:57:111:57:Infinity:57:111:57:123":11,"b:63:43:66:Infinity":12,"s:63:43:66:Infinity":14,"s:66:114:66:Infinity":15,"b:119:68:119:Infinity:119:68:119:Infinity":13,"b:121:36:136:Infinity":14,"s:121:36:136:Infinity":16,"s:136:55:136:Infinity":17,"b:141:28:152:Infinity":15,"s:141:28:152:Infinity":18,"b:141:28:141:48:141:52:141:Infinity":16,"b:161:36:161:Infinity":17,"s:161:36:161:Infinity":19,"b:165:35:166:Infinity":18,"s:165:35:166:Infinity":20,"b:165:35:165:50:165:54:165:65":19,"s:166:38:166:Infinity":21,"b:175:48:182:Infinity":20,"s:175:48:182:Infinity":22,"s:179:71:182:Infinity":23,"f:179:90:179:Infinity":0,"b:180:147:180:Infinity:180:147:180:Infinity":21,"b:180:123:180:Infinity:180:123:180:Infinity":22,"b:191:48:199:Infinity":23,"s:191:48:199:Infinity":24,"b:195:145:195:Infinity:195:145:195:Infinity":24,"b:196:61:196:Infinity:196:61:196:Infinity":25,"b:198:146:198:Infinity:198:146:198:Infinity":26,"b:199:62:199:Infinity:199:62:199:Infinity":27,"b:230:42:243:Infinity":28,"s:230:42:243:Infinity":25,"b:230:42:230:75:230:75:230:Infinity":29,"s:232:43:232:Infinity":26,"b:232:73:232:97:232:97:232:Infinity":30,"s:235:59:243:Infinity":27,"f:235:75:235:Infinity":1,"b:243:57:243:67:243:67:243:Infinity":31,"b:254:29:254:Infinity":32,"s:254:29:254:Infinity":28,"b:254:29:254:58:254:49:254:78":33,"b:257:31:273:Infinity:273:37:273:Infinity":34,"s:257:31:273:Infinity":29,"b:257:31:257:55:257:59:257:99:257:90:257:119":35,"s:258:45:268:Infinity":30,"f:258:69:258:Infinity":2,"s:264:53:268:Infinity":31,"f:264:65:264:Infinity":3,"b:273:37:273:Infinity":36,"s:273:37:273:Infinity":32,"b:273:37:273:57:273:61:273:92:273:92:273:Infinity":37,"b:285:47:285:Infinity":38,"s:285:47:285:Infinity":33}}}
,"/home/sms/code/cabinetbuilder/src/composables/useCorte.js": {"path":"/home/sms/code/cabinetbuilder/src/composables/useCorte.js","statementMap":{"0":{"start":{"line":5,"column":63},"end":{"line":5,"column":null}},"1":{"start":{"line":7,"column":26},"end":{"line":75,"column":null}},"2":{"start":{"line":8,"column":23},"end":{"line":8,"column":null}},"3":{"start":{"line":9,"column":19},"end":{"line":9,"column":null}},"4":{"start":{"line":10,"column":19},"end":{"line":10,"column":null}},"5":{"start":{"line":11,"column":22},"end":{"line":11,"column":null}},"6":{"start":{"line":12,"column":21},"end":{"line":12,"column":null}},"7":{"start":{"line":14,"column":30},"end":{"line":19,"column":null}},"8":{"start":{"line":21,"column":8},"end":{"line":24,"column":null}},"9":{"start":{"line":22,"column":12},"end":{"line":22,"column":null}},"10":{"start":{"line":23,"column":12},"end":{"line":23,"column":null}},"11":{"start":{"line":26,"column":8},"end":{"line":29,"column":null}},"12":{"start":{"line":27,"column":12},"end":{"line":27,"column":null}},"13":{"start":{"line":28,"column":12},"end":{"line":28,"column":null}},"14":{"start":{"line":31,"column":8},"end":{"line":34,"column":null}},"15":{"start":{"line":32,"column":12},"end":{"line":32,"column":null}},"16":{"start":{"line":33,"column":12},"end":{"line":33,"column":null}},"17":{"start":{"line":36,"column":8},"end":{"line":39,"column":null}},"18":{"start":{"line":37,"column":12},"end":{"line":37,"column":null}},"19":{"start":{"line":38,"column":12},"end":{"line":38,"column":null}},"20":{"start":{"line":41,"column":8},"end":{"line":74,"column":null}},"21":{"start":{"line":42,"column":35},"end":{"line":42,"column":null}},"22":{"start":{"line":43,"column":30},"end":{"line":43,"column":null}},"23":{"start":{"line":44,"column":31},"end":{"line":44,"column":null}},"24":{"start":{"line":46,"column":30},"end":{"line":60,"column":null}},"25":{"start":{"line":46,"column":59},"end":{"line":60,"column":13}},"26":{"start":{"line":48,"column":48},"end":{"line":59,"column":17}},"27":{"start":{"line":62,"column":12},"end":{"line":67,"column":null}},"28":{"start":{"line":69,"column":12},"end":{"line":69,"column":null}},"29":{"start":{"line":70,"column":12},"end":{"line":70,"column":null}},"30":{"start":{"line":71,"column":12},"end":{"line":71,"column":null}},"31":{"start":{"line":72,"column":12},"end":{"line":72,"column":null}},"32":{"start":{"line":73,"column":12},"end":{"line":73,"column":null}},"33":{"start":{"line":77,"column":27},"end":{"line":82,"column":null}},"34":{"start":{"line":78,"column":8},"end":{"line":81,"column":null}},"35":{"start":{"line":79,"column":12},"end":{"line":79,"column":null}},"36":{"start":{"line":79,"column":40},"end":{"line":79,"column":null}},"37":{"start":{"line":80,"column":12},"end":{"line":80,"column":null}},"38":{"start":{"line":84,"column":27},"end":{"line":86,"column":null}},"39":{"start":{"line":85,"column":8},"end":{"line":85,"column":null}},"40":{"start":{"line":88,"column":21},"end":{"line":90,"column":null}},"41":{"start":{"line":89,"column":8},"end":{"line":89,"column":null}},"42":{"start":{"line":92,"column":22},"end":{"line":95,"column":null}},"43":{"start":{"line":93,"column":8},"end":{"line":93,"column":null}},"44":{"start":{"line":93,"column":41},"end":{"line":93,"column":null}},"45":{"start":{"line":94,"column":8},"end":{"line":94,"column":null}},"46":{"start":{"line":97,"column":4},"end":{"line":103,"column":null}}},"fnMap":{"0":{"name":"useCorte","decl":{"start":{"line":4,"column":16},"end":{"line":4,"column":24}},"loc":{"start":{"line":4,"column":49},"end":{"line":104,"column":null}},"line":4},"1":{"name":"(anonymous_1)","decl":{"start":{"line":7,"column":36},"end":{"line":7,"column":37}},"loc":{"start":{"line":7,"column":42},"end":{"line":75,"column":5}},"line":7},"2":{"name":"(anonymous_2)","decl":{"start":{"line":46,"column":50},"end":{"line":46,"column":54}},"loc":{"start":{"line":46,"column":59},"end":{"line":60,"column":13}},"line":46},"3":{"name":"(anonymous_3)","decl":{"start":{"line":48,"column":42},"end":{"line":48,"column":43}},"loc":{"start":{"line":48,"column":48},"end":{"line":59,"column":17}},"line":48},"4":{"name":"(anonymous_4)","decl":{"start":{"line":77,"column":37},"end":{"line":77,"column":38}},"loc":{"start":{"line":77,"column":43},"end":{"line":82,"column":5}},"line":77},"5":{"name":"(anonymous_5)","decl":{"start":{"line":78,"column":45},"end":{"line":78,"column":46}},"loc":{"start":{"line":78,"column":57},"end":{"line":81,"column":9}},"line":78},"6":{"name":"(anonymous_6)","decl":{"start":{"line":84,"column":37},"end":{"line":84,"column":38}},"loc":{"start":{"line":84,"column":43},"end":{"line":86,"column":5}},"line":84},"7":{"name":"(anonymous_7)","decl":{"start":{"line":88,"column":31},"end":{"line":88,"column":32}},"loc":{"start":{"line":88,"column":37},"end":{"line":90,"column":5}},"line":88},"8":{"name":"(anonymous_8)","decl":{"start":{"line":92,"column":32},"end":{"line":92,"column":33}},"loc":{"start":{"line":92,"column":38},"end":{"line":95,"column":5}},"line":92}},"branchMap":{"0":{"loc":{"start":{"line":21,"column":8},"end":{"line":24,"column":null}},"type":"if","locations":[{"start":{"line":21,"column":8},"end":{"line":24,"column":null}},{"start":{},"end":{}}],"line":21},"1":{"loc":{"start":{"line":21,"column":12},"end":{"line":21,"column":42}},"type":"binary-expr","locations":[{"start":{"line":21,"column":12},"end":{"line":21,"column":19}},{"start":{"line":21,"column":23},"end":{"line":21,"column":42}}],"line":21},"2":{"loc":{"start":{"line":26,"column":8},"end":{"line":29,"column":null}},"type":"if","locations":[{"start":{"line":26,"column":8},"end":{"line":29,"column":null}},{"start":{},"end":{}}],"line":26},"3":{"loc":{"start":{"line":31,"column":8},"end":{"line":34,"column":null}},"type":"if","locations":[{"start":{"line":31,"column":8},"end":{"line":34,"column":null}},{"start":{},"end":{}}],"line":31},"4":{"loc":{"start":{"line":31,"column":12},"end":{"line":31,"column":56}},"type":"binary-expr","locations":[{"start":{"line":31,"column":12},"end":{"line":31,"column":21}},{"start":{"line":31,"column":25},"end":{"line":31,"column":34}},{"start":{"line":31,"column":38},"end":{"line":31,"column":45}},{"start":{"line":31,"column":49},"end":{"line":31,"column":56}}],"line":31},"5":{"loc":{"start":{"line":36,"column":8},"end":{"line":39,"column":null}},"type":"if","locations":[{"start":{"line":36,"column":8},"end":{"line":39,"column":null}},{"start":{},"end":{}}],"line":36},"6":{"loc":{"start":{"line":36,"column":12},"end":{"line":36,"column":37}},"type":"binary-expr","locations":[{"start":{"line":36,"column":12},"end":{"line":36,"column":24}},{"start":{"line":36,"column":28},"end":{"line":36,"column":37}}],"line":36},"7":{"loc":{"start":{"line":70,"column":34},"end":{"line":70,"column":null}},"type":"binary-expr","locations":[{"start":{"line":70,"column":34},"end":{"line":70,"column":47}},{"start":{"line":70,"column":51},"end":{"line":70,"column":null}}],"line":70},"8":{"loc":{"start":{"line":79,"column":12},"end":{"line":79,"column":null}},"type":"if","locations":[{"start":{"line":79,"column":12},"end":{"line":79,"column":null}},{"start":{},"end":{}}],"line":79},"9":{"loc":{"start":{"line":93,"column":8},"end":{"line":93,"column":null}},"type":"if","locations":[{"start":{"line":93,"column":8},"end":{"line":93,"column":null}},{"start":{},"end":{}}],"line":93}},"s":{"0":0,"1":0,"2":0,"3":0,"4":0,"5":0,"6":0,"7":0,"8":0,"9":0,"10":0,"11":0,"12":0,"13":0,"14":0,"15":0,"16":0,"17":0,"18":0,"19":0,"20":0,"21":0,"22":0,"23":0,"24":0,"25":0,"26":0,"27":0,"28":0,"29":0,"30":0,"31":0,"32":0,"33":0,"34":0,"35":0,"36":0,"37":0,"38":0,"39":0,"40":0,"41":0,"42":0,"43":0,"44":0,"45":0,"46":0},"f":{"0":0,"1":0,"2":0,"3":0,"4":0,"5":0,"6":0,"7":0,"8":0},"b":{"0":[0,0],"1":[0,0],"2":[0,0],"3":[0,0],"4":[0,0,0,0],"5":[0,0],"6":[0,0],"7":[0,0],"8":[0,0],"9":[0,0]},"meta":{"lastBranch":10,"lastFunction":9,"lastStatement":47,"seen":{"f:4:16:4:24":0,"s:5:63:5:Infinity":0,"s:7:26:75:Infinity":1,"f:7:36:7:37":1,"s:8:23:8:Infinity":2,"s:9:19:9:Infinity":3,"s:10:19:10:Infinity":4,"s:11:22:11:Infinity":5,"s:12:21:12:Infinity":6,"s:14:30:19:Infinity":7,"b:21:8:24:Infinity:undefined:undefined:undefined:undefined":0,"s:21:8:24:Infinity":8,"b:21:12:21:19:21:23:21:42":1,"s:22:12:22:Infinity":9,"s:23:12:23:Infinity":10,"b:26:8:29:Infinity:undefined:undefined:undefined:undefined":2,"s:26:8:29:Infinity":11,"s:27:12:27:Infinity":12,"s:28:12:28:Infinity":13,"b:31:8:34:Infinity:undefined:undefined:undefined:undefined":3,"s:31:8:34:Infinity":14,"b:31:12:31:21:31:25:31:34:31:38:31:45:31:49:31:56":4,"s:32:12:32:Infinity":15,"s:33:12:33:Infinity":16,"b:36:8:39:Infinity:undefined:undefined:undefined:undefined":5,"s:36:8:39:Infinity":17,"b:36:12:36:24:36:28:36:37":6,"s:37:12:37:Infinity":18,"s:38:12:38:Infinity":19,"s:41:8:74:Infinity":20,"s:42:35:42:Infinity":21,"s:43:30:43:Infinity":22,"s:44:31:44:Infinity":23,"s:46:30:60:Infinity":24,"f:46:50:46:54":2,"s:46:59:60:13":25,"f:48:42:48:43":3,"s:48:48:59:17":26,"s:62:12:67:Infinity":27,"s:69:12:69:Infinity":28,"s:70:12:70:Infinity":29,"b:70:34:70:47:70:51:70:Infinity":7,"s:71:12:71:Infinity":30,"s:72:12:72:Infinity":31,"s:73:12:73:Infinity":32,"s:77:27:82:Infinity":33,"f:77:37:77:38":4,"s:78:8:81:Infinity":34,"f:78:45:78:46":5,"b:79:12:79:Infinity:undefined:undefined:undefined:undefined":8,"s:79:12:79:Infinity":35,"s:79:40:79:Infinity":36,"s:80:12:80:Infinity":37,"s:84:27:86:Infinity":38,"f:84:37:84:38":6,"s:85:8:85:Infinity":39,"s:88:21:90:Infinity":40,"f:88:31:88:32":7,"s:89:8:89:Infinity":41,"s:92:22:95:Infinity":42,"f:92:32:92:33":8,"b:93:8:93:Infinity:undefined:undefined:undefined:undefined":9,"s:93:8:93:Infinity":43,"s:93:41:93:Infinity":44,"s:94:8:94:Infinity":45,"s:97:4:103:Infinity":46}}}
,"/home/sms/code/cabinetbuilder/src/composables/useLocalStorage.js": {"path":"/home/sms/code/cabinetbuilder/src/composables/useLocalStorage.js","statementMap":{"0":{"start":{"line":12,"column":24},"end":{"line":12,"column":null}},"1":{"start":{"line":13,"column":16},"end":{"line":13,"column":null}},"2":{"start":{"line":15,"column":26},"end":{"line":15,"column":null}},"3":{"start":{"line":18,"column":3},"end":{"line":32,"column":null}},"4":{"start":{"line":22,"column":12},"end":{"line":24,"column":null}},"5":{"start":{"line":23,"column":16},"end":{"line":23,"column":null}},"6":{"start":{"line":27,"column":12},"end":{"line":29,"column":null}},"7":{"start":{"line":28,"column":16},"end":{"line":28,"column":null}},"8":{"start":{"line":34,"column":4},"end":{"line":34,"column":null}},"9":{"start":{"line":45,"column":4},"end":{"line":76,"column":null}},"10":{"start":{"line":46,"column":21},"end":{"line":46,"column":null}},"11":{"start":{"line":49,"column":8},"end":{"line":51,"column":null}},"12":{"start":{"line":50,"column":12},"end":{"line":50,"column":null}},"13":{"start":{"line":54,"column":23},"end":{"line":54,"column":null}},"14":{"start":{"line":58,"column":8},"end":{"line":65,"column":null}},"15":{"start":{"line":59,"column":12},"end":{"line":63,"column":null}},"16":{"start":{"line":64,"column":12},"end":{"line":64,"column":null}},"17":{"start":{"line":67,"column":8},"end":{"line":67,"column":null}},"18":{"start":{"line":70,"column":8},"end":{"line":74,"column":null}},"19":{"start":{"line":75,"column":8},"end":{"line":75,"column":null}},"20":{"start":{"line":86,"column":4},"end":{"line":93,"column":null}},"21":{"start":{"line":87,"column":8},"end":{"line":87,"column":null}},"22":{"start":{"line":89,"column":8},"end":{"line":92,"column":null}}},"fnMap":{"0":{"name":"useLocalStorage","decl":{"start":{"line":10,"column":16},"end":{"line":10,"column":31}},"loc":{"start":{"line":10,"column":69},"end":{"line":35,"column":null}},"line":10},"1":{"name":"(anonymous_1)","decl":{"start":{"line":20,"column":8},"end":{"line":20,"column":9}},"loc":{"start":{"line":20,"column":22},"end":{"line":30,"column":9}},"line":20},"2":{"name":"(anonymous_2)","decl":{"start":{"line":27,"column":41},"end":{"line":27,"column":42}},"loc":{"start":{"line":27,"column":47},"end":{"line":29,"column":13}},"line":27},"3":{"name":"getStoredValue","decl":{"start":{"line":44,"column":9},"end":{"line":44,"column":23}},"loc":{"start":{"line":44,"column":43},"end":{"line":77,"column":null}},"line":44},"4":{"name":"saveToStorage","decl":{"start":{"line":85,"column":9},"end":{"line":85,"column":22}},"loc":{"start":{"line":85,"column":35},"end":{"line":94,"column":null}},"line":85}},"branchMap":{"0":{"loc":{"start":{"line":10,"column":51},"end":{"line":10,"column":67}},"type":"default-arg","locations":[{"start":{"line":10,"column":64},"end":{"line":10,"column":67}}],"line":10},"1":{"loc":{"start":{"line":22,"column":12},"end":{"line":24,"column":null}},"type":"if","locations":[{"start":{"line":22,"column":12},"end":{"line":24,"column":null}},{"start":{},"end":{}}],"line":22},"2":{"loc":{"start":{"line":49,"column":8},"end":{"line":51,"column":null}},"type":"if","locations":[{"start":{"line":49,"column":8},"end":{"line":51,"column":null}},{"start":{},"end":{}}],"line":49},"3":{"loc":{"start":{"line":58,"column":8},"end":{"line":65,"column":null}},"type":"if","locations":[{"start":{"line":58,"column":8},"end":{"line":65,"column":null}},{"start":{},"end":{}}],"line":58},"4":{"loc":{"start":{"line":58,"column":12},"end":{"line":58,"column":74}},"type":"binary-expr","locations":[{"start":{"line":58,"column":12},"end":{"line":58,"column":49}},{"start":{"line":58,"column":53},"end":{"line":58,"column":74}}],"line":58}},"s":{"0":0,"1":0,"2":0,"3":0,"4":0,"5":0,"6":0,"7":0,"8":0,"9":0,"10":0,"11":0,"12":0,"13":0,"14":0,"15":0,"16":0,"17":0,"18":0,"19":0,"20":0,"21":0,"22":0},"f":{"0":0,"1":0,"2":0,"3":0,"4":0},"b":{"0":[0],"1":[0,0],"2":[0,0],"3":[0,0],"4":[0,0]},"meta":{"lastBranch":5,"lastFunction":5,"lastStatement":23,"seen":{"f:10:16:10:31":0,"b:10:64:10:67":0,"s:12:24:12:Infinity":0,"s:13:16:13:Infinity":1,"s:15:26:15:Infinity":2,"s:18:3:32:Infinity":3,"f:20:8:20:9":1,"b:22:12:24:Infinity:undefined:undefined:undefined:undefined":1,"s:22:12:24:Infinity":4,"s:23:16:23:Infinity":5,"s:27:12:29:Infinity":6,"f:27:41:27:42":2,"s:28:16:28:Infinity":7,"s:34:4:34:Infinity":8,"f:44:9:44:23":3,"s:45:4:76:Infinity":9,"s:46:21:46:Infinity":10,"b:49:8:51:Infinity:undefined:undefined:undefined:undefined":2,"s:49:8:51:Infinity":11,"s:50:12:50:Infinity":12,"s:54:23:54:Infinity":13,"b:58:8:65:Infinity:undefined:undefined:undefined:undefined":3,"s:58:8:65:Infinity":14,"b:58:12:58:49:58:53:58:74":4,"s:59:12:63:Infinity":15,"s:64:12:64:Infinity":16,"s:67:8:67:Infinity":17,"s:70:8:74:Infinity":18,"s:75:8:75:Infinity":19,"f:85:9:85:22":4,"s:86:4:93:Infinity":20,"s:87:8:87:Infinity":21,"s:89:8:92:Infinity":22}}}
,"/home/sms/code/cabinetbuilder/src/composables/usePiezas.js": {"path":"/home/sms/code/cabinetbuilder/src/composables/usePiezas.js","statementMap":{"0":{"start":{"line":6,"column":82},"end":{"line":6,"column":null}},"1":{"start":{"line":8,"column":28},"end":{"line":91,"column":null}},"2":{"start":{"line":9,"column":18},"end":{"line":9,"column":null}},"3":{"start":{"line":10,"column":18},"end":{"line":10,"column":null}},"4":{"start":{"line":11,"column":18},"end":{"line":11,"column":null}},"5":{"start":{"line":12,"column":21},"end":{"line":12,"column":null}},"6":{"start":{"line":13,"column":20},"end":{"line":13,"column":null}},"7":{"start":{"line":14,"column":22},"end":{"line":14,"column":null}},"8":{"start":{"line":15,"column":23},"end":{"line":15,"column":null}},"9":{"start":{"line":17,"column":8},"end":{"line":20,"column":null}},"10":{"start":{"line":19,"column":12},"end":{"line":19,"column":null}},"11":{"start":{"line":22,"column":21},"end":{"line":22,"column":null}},"12":{"start":{"line":24,"column":8},"end":{"line":34,"column":null}},"13":{"start":{"line":25,"column":12},"end":{"line":33,"column":null}},"14":{"start":{"line":36,"column":8},"end":{"line":46,"column":null}},"15":{"start":{"line":37,"column":12},"end":{"line":45,"column":null}},"16":{"start":{"line":48,"column":33},"end":{"line":48,"column":null}},"17":{"start":{"line":49,"column":43},"end":{"line":49,"column":null}},"18":{"start":{"line":50,"column":28},"end":{"line":50,"column":null}},"19":{"start":{"line":52,"column":8},"end":{"line":62,"column":null}},"20":{"start":{"line":53,"column":12},"end":{"line":61,"column":null}},"21":{"start":{"line":64,"column":27},"end":{"line":70,"column":null}},"22":{"start":{"line":72,"column":8},"end":{"line":82,"column":null}},"23":{"start":{"line":73,"column":39},"end":{"line":73,"column":null}},"24":{"start":{"line":74,"column":30},"end":{"line":74,"column":null}},"25":{"start":{"line":76,"column":12},"end":{"line":81,"column":null}},"26":{"start":{"line":84,"column":8},"end":{"line":90,"column":null}},"27":{"start":{"line":85,"column":25},"end":{"line":85,"column":53}},"28":{"start":{"line":86,"column":23},"end":{"line":90,"column":13}},"29":{"start":{"line":93,"column":4},"end":{"line":93,"column":null}}},"fnMap":{"0":{"name":"usePiezas","decl":{"start":{"line":5,"column":16},"end":{"line":5,"column":25}},"loc":{"start":{"line":5,"column":32},"end":{"line":94,"column":null}},"line":5},"1":{"name":"(anonymous_1)","decl":{"start":{"line":8,"column":38},"end":{"line":8,"column":39}},"loc":{"start":{"line":8,"column":44},"end":{"line":91,"column":5}},"line":8},"2":{"name":"(anonymous_2)","decl":{"start":{"line":85,"column":20},"end":{"line":85,"column":21}},"loc":{"start":{"line":85,"column":25},"end":{"line":85,"column":53}},"line":85},"3":{"name":"(anonymous_3)","decl":{"start":{"line":86,"column":17},"end":{"line":86,"column":18}},"loc":{"start":{"line":86,"column":23},"end":{"line":90,"column":13}},"line":86}},"branchMap":{"0":{"loc":{"start":{"line":17,"column":8},"end":{"line":20,"column":null}},"type":"if","locations":[{"start":{"line":17,"column":8},"end":{"line":20,"column":null}},{"start":{},"end":{}}],"line":17},"1":{"loc":{"start":{"line":17,"column":12},"end":{"line":18,"column":76}},"type":"binary-expr","locations":[{"start":{"line":17,"column":12},"end":{"line":17,"column":20}},{"start":{"line":17,"column":24},"end":{"line":17,"column":32}},{"start":{"line":17,"column":36},"end":{"line":17,"column":44}},{"start":{"line":17,"column":48},"end":{"line":17,"column":59}},{"start":{"line":18,"column":12},"end":{"line":18,"column":18}},{"start":{"line":18,"column":22},"end":{"line":18,"column":28}},{"start":{"line":18,"column":32},"end":{"line":18,"column":38}},{"start":{"line":18,"column":42},"end":{"line":18,"column":51}},{"start":{"line":18,"column":55},"end":{"line":18,"column":65}},{"start":{"line":18,"column":69},"end":{"line":18,"column":76}}],"line":17},"2":{"loc":{"start":{"line":24,"column":8},"end":{"line":34,"column":null}},"type":"if","locations":[{"start":{"line":24,"column":8},"end":{"line":34,"column":null}},{"start":{},"end":{}}],"line":24},"3":{"loc":{"start":{"line":36,"column":8},"end":{"line":46,"column":null}},"type":"if","locations":[{"start":{"line":36,"column":8},"end":{"line":46,"column":null}},{"start":{},"end":{}}],"line":36},"4":{"loc":{"start":{"line":52,"column":8},"end":{"line":62,"column":null}},"type":"if","locations":[{"start":{"line":52,"column":8},"end":{"line":62,"column":null}},{"start":{},"end":{}}],"line":52},"5":{"loc":{"start":{"line":72,"column":8},"end":{"line":82,"column":null}},"type":"if","locations":[{"start":{"line":72,"column":8},"end":{"line":82,"column":null}},{"start":{},"end":{}}],"line":72},"6":{"loc":{"start":{"line":72,"column":12},"end":{"line":72,"column":49}},"type":"binary-expr","locations":[{"start":{"line":72,"column":12},"end":{"line":72,"column":17}},{"start":{"line":72,"column":21},"end":{"line":72,"column":31}},{"start":{"line":72,"column":35},"end":{"line":72,"column":49}}],"line":72},"7":{"loc":{"start":{"line":85,"column":25},"end":{"line":85,"column":53}},"type":"binary-expr","locations":[{"start":{"line":85,"column":25},"end":{"line":85,"column":37}},{"start":{"line":85,"column":41},"end":{"line":85,"column":53}}],"line":85},"8":{"loc":{"start":{"line":88,"column":23},"end":{"line":88,"column":141}},"type":"cond-expr","locations":[{"start":{"line":88,"column":86},"end":{"line":88,"column":103}},{"start":{"line":88,"column":107},"end":{"line":88,"column":140}}],"line":88},"9":{"loc":{"start":{"line":88,"column":23},"end":{"line":88,"column":83}},"type":"binary-expr","locations":[{"start":{"line":88,"column":23},"end":{"line":88,"column":51}},{"start":{"line":88,"column":55},"end":{"line":88,"column":83}}],"line":88},"10":{"loc":{"start":{"line":88,"column":107},"end":{"line":88,"column":140}},"type":"binary-expr","locations":[{"start":{"line":88,"column":107},"end":{"line":88,"column":127}},{"start":{"line":88,"column":131},"end":{"line":88,"column":140}}],"line":88},"11":{"loc":{"start":{"line":89,"column":27},"end":{"line":89,"column":null}},"type":"binary-expr","locations":[{"start":{"line":89,"column":27},"end":{"line":89,"column":51}},{"start":{"line":89,"column":55},"end":{"line":89,"column":null}}],"line":89}},"s":{"0":0,"1":0,"2":0,"3":0,"4":0,"5":0,"6":0,"7":0,"8":0,"9":0,"10":0,"11":0,"12":0,"13":0,"14":0,"15":0,"16":0,"17":0,"18":0,"19":0,"20":0,"21":0,"22":0,"23":0,"24":0,"25":0,"26":0,"27":0,"28":0,"29":0},"f":{"0":0,"1":0,"2":0,"3":0},"b":{"0":[0,0],"1":[0,0,0,0,0,0,0,0,0,0],"2":[0,0],"3":[0,0],"4":[0,0],"5":[0,0],"6":[0,0,0],"7":[0,0],"8":[0,0],"9":[0,0],"10":[0,0],"11":[0,0]},"meta":{"lastBranch":12,"lastFunction":4,"lastStatement":30,"seen":{"f:5:16:5:25":0,"s:6:82:6:Infinity":0,"s:8:28:91:Infinity":1,"f:8:38:8:39":1,"s:9:18:9:Infinity":2,"s:10:18:10:Infinity":3,"s:11:18:11:Infinity":4,"s:12:21:12:Infinity":5,"s:13:20:13:Infinity":6,"s:14:22:14:Infinity":7,"s:15:23:15:Infinity":8,"b:17:8:20:Infinity:undefined:undefined:undefined:undefined":0,"s:17:8:20:Infinity":9,"b:17:12:17:20:17:24:17:32:17:36:17:44:17:48:17:59:18:12:18:18:18:22:18:28:18:32:18:38:18:42:18:51:18:55:18:65:18:69:18:76":1,"s:19:12:19:Infinity":10,"s:22:21:22:Infinity":11,"b:24:8:34:Infinity:undefined:undefined:undefined:undefined":2,"s:24:8:34:Infinity":12,"s:25:12:33:Infinity":13,"b:36:8:46:Infinity:undefined:undefined:undefined:undefined":3,"s:36:8:46:Infinity":14,"s:37:12:45:Infinity":15,"s:48:33:48:Infinity":16,"s:49:43:49:Infinity":17,"s:50:28:50:Infinity":18,"b:52:8:62:Infinity:undefined:undefined:undefined:undefined":4,"s:52:8:62:Infinity":19,"s:53:12:61:Infinity":20,"s:64:27:70:Infinity":21,"b:72:8:82:Infinity:undefined:undefined:undefined:undefined":5,"s:72:8:82:Infinity":22,"b:72:12:72:17:72:21:72:31:72:35:72:49":6,"s:73:39:73:Infinity":23,"s:74:30:74:Infinity":24,"s:76:12:81:Infinity":25,"s:84:8:90:Infinity":26,"f:85:20:85:21":2,"s:85:25:85:53":27,"b:85:25:85:37:85:41:85:53":7,"f:86:17:86:18":3,"s:86:23:90:13":28,"b:88:86:88:103:88:107:88:140":8,"b:88:23:88:51:88:55:88:83":9,"b:88:107:88:127:88:131:88:140":10,"b:89:27:89:51:89:55:89:Infinity":11,"s:93:4:93:Infinity":29}}}
,"/home/sms/code/cabinetbuilder/src/composables/useThreeRenderer.js": {"path":"/home/sms/code/cabinetbuilder/src/composables/useThreeRenderer.js","statementMap":{"0":{"start":{"line":8,"column":56},"end":{"line":8,"column":null}},"1":{"start":{"line":10,"column":29},"end":{"line":10,"column":null}},"2":{"start":{"line":11,"column":17},"end":{"line":11,"column":null}},"3":{"start":{"line":12,"column":18},"end":{"line":12,"column":null}},"4":{"start":{"line":13,"column":20},"end":{"line":13,"column":null}},"5":{"start":{"line":14,"column":20},"end":{"line":14,"column":null}},"6":{"start":{"line":15,"column":26},"end":{"line":15,"column":null}},"7":{"start":{"line":16,"column":27},"end":{"line":16,"column":null}},"8":{"start":{"line":17,"column":23},"end":{"line":17,"column":null}},"9":{"start":{"line":18,"column":28},"end":{"line":18,"column":null}},"10":{"start":{"line":19,"column":29},"end":{"line":19,"column":null}},"11":{"start":{"line":20,"column":31},"end":{"line":27,"column":null}},"12":{"start":{"line":28,"column":26},"end":{"line":28,"column":null}},"13":{"start":{"line":29,"column":27},"end":{"line":29,"column":null}},"14":{"start":{"line":31,"column":27},"end":{"line":31,"column":null}},"15":{"start":{"line":32,"column":26},"end":{"line":32,"column":null}},"16":{"start":{"line":35,"column":32},"end":{"line":39,"column":null}},"17":{"start":{"line":36,"column":8},"end":{"line":38,"column":null}},"18":{"start":{"line":37,"column":12},"end":{"line":37,"column":null}},"19":{"start":{"line":42,"column":28},"end":{"line":42,"column":null}},"20":{"start":{"line":43,"column":8},"end":{"line":43,"column":null}},"21":{"start":{"line":45,"column":23},"end":{"line":45,"column":null}},"22":{"start":{"line":46,"column":8},"end":{"line":46,"column":null}},"23":{"start":{"line":48,"column":21},"end":{"line":48,"column":null}},"24":{"start":{"line":49,"column":8},"end":{"line":49,"column":null}},"25":{"start":{"line":51,"column":23},"end":{"line":51,"column":null}},"26":{"start":{"line":52,"column":20},"end":{"line":52,"column":null}},"27":{"start":{"line":53,"column":22},"end":{"line":53,"column":null}},"28":{"start":{"line":54,"column":8},"end":{"line":54,"column":null}},"29":{"start":{"line":56,"column":8},"end":{"line":56,"column":null}},"30":{"start":{"line":57,"column":8},"end":{"line":57,"column":null}},"31":{"start":{"line":58,"column":8},"end":{"line":58,"column":null}},"32":{"start":{"line":60,"column":21},"end":{"line":60,"column":null}},"33":{"start":{"line":61,"column":32},"end":{"line":61,"column":null}},"34":{"start":{"line":62,"column":8},"end":{"line":62,"column":null}},"35":{"start":{"line":63,"column":8},"end":{"line":63,"column":null}},"36":{"start":{"line":65,"column":8},"end":{"line":69,"column":null}},"37":{"start":{"line":66,"column":12},"end":{"line":66,"column":null}},"38":{"start":{"line":67,"column":12},"end":{"line":67,"column":null}},"39":{"start":{"line":68,"column":12},"end":{"line":68,"column":null}},"40":{"start":{"line":73,"column":8},"end":{"line":73,"column":null}},"41":{"start":{"line":73,"column":74},"end":{"line":73,"column":null}},"42":{"start":{"line":74,"column":26},"end":{"line":74,"column":null}},"43":{"start":{"line":75,"column":8},"end":{"line":75,"column":null}},"44":{"start":{"line":76,"column":8},"end":{"line":76,"column":null}},"45":{"start":{"line":77,"column":8},"end":{"line":77,"column":null}},"46":{"start":{"line":80,"column":24},"end":{"line":84,"column":null}},"47":{"start":{"line":81,"column":8},"end":{"line":83,"column":null}},"48":{"start":{"line":82,"column":12},"end":{"line":82,"column":null}},"49":{"start":{"line":86,"column":27},"end":{"line":88,"column":null}},"50":{"start":{"line":87,"column":8},"end":{"line":87,"column":null}},"51":{"start":{"line":90,"column":28},"end":{"line":92,"column":null}},"52":{"start":{"line":91,"column":8},"end":{"line":91,"column":null}},"53":{"start":{"line":95,"column":8},"end":{"line":95,"column":null}},"54":{"start":{"line":95,"column":48},"end":{"line":95,"column":null}},"55":{"start":{"line":97,"column":8},"end":{"line":137,"column":null}},"56":{"start":{"line":98,"column":27},"end":{"line":98,"column":null}},"57":{"start":{"line":99,"column":12},"end":{"line":99,"column":null}},"58":{"start":{"line":100,"column":12},"end":{"line":100,"column":null}},"59":{"start":{"line":102,"column":30},"end":{"line":102,"column":null}},"60":{"start":{"line":103,"column":27},"end":{"line":103,"column":null}},"61":{"start":{"line":104,"column":28},"end":{"line":104,"column":null}},"62":{"start":{"line":105,"column":12},"end":{"line":105,"column":null}},"63":{"start":{"line":106,"column":12},"end":{"line":106,"column":null}},"64":{"start":{"line":108,"column":12},"end":{"line":108,"column":null}},"65":{"start":{"line":109,"column":29},"end":{"line":109,"column":null}},"66":{"start":{"line":110,"column":12},"end":{"line":110,"column":null}},"67":{"start":{"line":111,"column":12},"end":{"line":111,"column":null}},"68":{"start":{"line":113,"column":30},"end":{"line":113,"column":null}},"69":{"start":{"line":114,"column":12},"end":{"line":114,"column":null}},"70":{"start":{"line":115,"column":12},"end":{"line":115,"column":null}},"71":{"start":{"line":116,"column":12},"end":{"line":116,"column":null}},"72":{"start":{"line":117,"column":12},"end":{"line":117,"column":null}},"73":{"start":{"line":119,"column":30},"end":{"line":119,"column":null}},"74":{"start":{"line":120,"column":12},"end":{"line":120,"column":null}},"75":{"start":{"line":121,"column":12},"end":{"line":121,"column":null}},"76":{"start":{"line":122,"column":12},"end":{"line":122,"column":null}},"77":{"start":{"line":123,"column":12},"end":{"line":123,"column":null}},"78":{"start":{"line":125,"column":36},"end":{"line":125,"column":null}},"79":{"start":{"line":126,"column":12},"end":{"line":126,"column":null}},"80":{"start":{"line":127,"column":12},"end":{"line":127,"column":null}},"81":{"start":{"line":129,"column":12},"end":{"line":129,"column":null}},"82":{"start":{"line":130,"column":12},"end":{"line":130,"column":null}},"83":{"start":{"line":131,"column":12},"end":{"line":131,"column":null}},"84":{"start":{"line":132,"column":12},"end":{"line":132,"column":null}},"85":{"start":{"line":134,"column":12},"end":{"line":134,"column":null}},"86":{"start":{"line":135,"column":12},"end":{"line":135,"column":null}},"87":{"start":{"line":136,"column":12},"end":{"line":136,"column":null}},"88":{"start":{"line":141,"column":8},"end":{"line":141,"column":null}},"89":{"start":{"line":141,"column":62},"end":{"line":141,"column":null}},"90":{"start":{"line":142,"column":8},"end":{"line":142,"column":null}},"91":{"start":{"line":143,"column":8},"end":{"line":143,"column":null}},"92":{"start":{"line":145,"column":30},"end":{"line":145,"column":null}},"93":{"start":{"line":146,"column":31},"end":{"line":146,"column":null}},"94":{"start":{"line":147,"column":27},"end":{"line":147,"column":null}},"95":{"start":{"line":149,"column":8},"end":{"line":155,"column":null}},"96":{"start":{"line":150,"column":12},"end":{"line":154,"column":null}},"97":{"start":{"line":157,"column":8},"end":{"line":163,"column":null}},"98":{"start":{"line":158,"column":12},"end":{"line":162,"column":null}},"99":{"start":{"line":165,"column":8},"end":{"line":165,"column":null}},"100":{"start":{"line":169,"column":8},"end":{"line":169,"column":null}},"101":{"start":{"line":169,"column":61},"end":{"line":169,"column":null}},"102":{"start":{"line":171,"column":8},"end":{"line":177,"column":null}},"103":{"start":{"line":172,"column":27},"end":{"line":172,"column":null}},"104":{"start":{"line":173,"column":12},"end":{"line":175,"column":null}},"105":{"start":{"line":174,"column":16},"end":{"line":174,"column":null}},"106":{"start":{"line":176,"column":12},"end":{"line":176,"column":null}},"107":{"start":{"line":179,"column":8},"end":{"line":179,"column":null}},"108":{"start":{"line":180,"column":8},"end":{"line":180,"column":null}},"109":{"start":{"line":181,"column":8},"end":{"line":181,"column":null}},"110":{"start":{"line":183,"column":18},"end":{"line":183,"column":null}},"111":{"start":{"line":184,"column":18},"end":{"line":184,"column":null}},"112":{"start":{"line":185,"column":18},"end":{"line":185,"column":null}},"113":{"start":{"line":186,"column":21},"end":{"line":186,"column":null}},"114":{"start":{"line":187,"column":20},"end":{"line":187,"column":null}},"115":{"start":{"line":188,"column":22},"end":{"line":188,"column":null}},"116":{"start":{"line":189,"column":23},"end":{"line":189,"column":null}},"117":{"start":{"line":191,"column":8},"end":{"line":195,"column":null}},"118":{"start":{"line":193,"column":12},"end":{"line":193,"column":null}},"119":{"start":{"line":194,"column":12},"end":{"line":194,"column":null}},"120":{"start":{"line":197,"column":21},"end":{"line":197,"column":null}},"121":{"start":{"line":199,"column":8},"end":{"line":202,"column":null}},"122":{"start":{"line":200,"column":12},"end":{"line":200,"column":null}},"123":{"start":{"line":201,"column":12},"end":{"line":201,"column":null}},"124":{"start":{"line":204,"column":33},"end":{"line":204,"column":null}},"125":{"start":{"line":205,"column":43},"end":{"line":205,"column":null}},"126":{"start":{"line":206,"column":28},"end":{"line":206,"column":null}},"127":{"start":{"line":208,"column":8},"end":{"line":211,"column":null}},"128":{"start":{"line":209,"column":12},"end":{"line":209,"column":null}},"129":{"start":{"line":210,"column":12},"end":{"line":210,"column":null}},"130":{"start":{"line":213,"column":8},"end":{"line":311,"column":null}},"131":{"start":{"line":214,"column":30},"end":{"line":214,"column":null}},"132":{"start":{"line":215,"column":12},"end":{"line":222,"column":null}},"133":{"start":{"line":216,"column":16},"end":{"line":221,"column":null}},"134":{"start":{"line":224,"column":28},"end":{"line":232,"column":null}},"135":{"start":{"line":225,"column":33},"end":{"line":225,"column":null}},"136":{"start":{"line":226,"column":29},"end":{"line":226,"column":null}},"137":{"start":{"line":227,"column":16},"end":{"line":227,"column":null}},"138":{"start":{"line":228,"column":16},"end":{"line":228,"column":null}},"139":{"start":{"line":229,"column":16},"end":{"line":229,"column":null}},"140":{"start":{"line":230,"column":16},"end":{"line":230,"column":null}},"141":{"start":{"line":231,"column":16},"end":{"line":231,"column":null}},"142":{"start":{"line":234,"column":28},"end":{"line":234,"column":null}},"143":{"start":{"line":235,"column":12},"end":{"line":235,"column":null}},"144":{"start":{"line":237,"column":28},"end":{"line":237,"column":null}},"145":{"start":{"line":238,"column":12},"end":{"line":238,"column":null}},"146":{"start":{"line":240,"column":27},"end":{"line":240,"column":null}},"147":{"start":{"line":241,"column":12},"end":{"line":241,"column":null}},"148":{"start":{"line":242,"column":12},"end":{"line":242,"column":null}},"149":{"start":{"line":244,"column":29},"end":{"line":244,"column":null}},"150":{"start":{"line":245,"column":12},"end":{"line":248,"column":null}},"151":{"start":{"line":246,"column":35},"end":{"line":246,"column":null}},"152":{"start":{"line":247,"column":16},"end":{"line":247,"column":null}},"153":{"start":{"line":250,"column":12},"end":{"line":266,"column":null}},"154":{"start":{"line":251,"column":43},"end":{"line":251,"column":null}},"155":{"start":{"line":252,"column":34},"end":{"line":252,"column":null}},"156":{"start":{"line":253,"column":41},"end":{"line":253,"column":null}},"157":{"start":{"line":254,"column":34},"end":{"line":254,"column":null}},"158":{"start":{"line":256,"column":36},"end":{"line":256,"column":null}},"159":{"start":{"line":257,"column":16},"end":{"line":257,"column":null}},"160":{"start":{"line":258,"column":16},"end":{"line":258,"column":null}},"161":{"start":{"line":260,"column":38},"end":{"line":260,"column":null}},"162":{"start":{"line":261,"column":16},"end":{"line":261,"column":null}},"163":{"start":{"line":262,"column":16},"end":{"line":262,"column":null}},"164":{"start":{"line":264,"column":36},"end":{"line":264,"column":null}},"165":{"start":{"line":265,"column":16},"end":{"line":265,"column":null}},"166":{"start":{"line":268,"column":30},"end":{"line":268,"column":null}},"167":{"start":{"line":270,"column":30},"end":{"line":270,"column":null}},"168":{"start":{"line":271,"column":12},"end":{"line":271,"column":null}},"169":{"start":{"line":272,"column":34},"end":{"line":272,"column":null}},"170":{"start":{"line":273,"column":12},"end":{"line":273,"column":null}},"171":{"start":{"line":274,"column":12},"end":{"line":274,"column":null}},"172":{"start":{"line":275,"column":12},"end":{"line":275,"column":null}},"173":{"start":{"line":276,"column":12},"end":{"line":276,"column":null}},"174":{"start":{"line":277,"column":12},"end":{"line":277,"column":null}},"175":{"start":{"line":278,"column":12},"end":{"line":278,"column":null}},"176":{"start":{"line":280,"column":31},"end":{"line":280,"column":null}},"177":{"start":{"line":281,"column":12},"end":{"line":281,"column":null}},"178":{"start":{"line":282,"column":34},"end":{"line":282,"column":null}},"179":{"start":{"line":283,"column":12},"end":{"line":283,"column":null}},"180":{"start":{"line":284,"column":12},"end":{"line":284,"column":null}},"181":{"start":{"line":285,"column":12},"end":{"line":285,"column":null}},"182":{"start":{"line":286,"column":12},"end":{"line":286,"column":null}},"183":{"start":{"line":287,"column":12},"end":{"line":287,"column":null}},"184":{"start":{"line":288,"column":12},"end":{"line":288,"column":null}},"185":{"start":{"line":290,"column":12},"end":{"line":294,"column":null}},"186":{"start":{"line":291,"column":16},"end":{"line":291,"column":null}},"187":{"start":{"line":293,"column":16},"end":{"line":293,"column":null}},"188":{"start":{"line":296,"column":12},"end":{"line":300,"column":null}},"189":{"start":{"line":297,"column":16},"end":{"line":297,"column":null}},"190":{"start":{"line":299,"column":16},"end":{"line":299,"column":null}},"191":{"start":{"line":302,"column":12},"end":{"line":302,"column":null}},"192":{"start":{"line":304,"column":12},"end":{"line":304,"column":null}},"193":{"start":{"line":305,"column":12},"end":{"line":305,"column":null}},"194":{"start":{"line":306,"column":12},"end":{"line":308,"column":null}},"195":{"start":{"line":307,"column":16},"end":{"line":307,"column":null}},"196":{"start":{"line":309,"column":12},"end":{"line":309,"column":null}},"197":{"start":{"line":310,"column":12},"end":{"line":310,"column":null}},"198":{"start":{"line":315,"column":8},"end":{"line":315,"column":null}},"199":{"start":{"line":316,"column":8},"end":{"line":316,"column":null}},"200":{"start":{"line":318,"column":8},"end":{"line":335,"column":null}},"201":{"start":{"line":319,"column":12},"end":{"line":330,"column":null}},"202":{"start":{"line":320,"column":16},"end":{"line":329,"column":null}},"203":{"start":{"line":321,"column":20},"end":{"line":321,"column":null}},"204":{"start":{"line":321,"column":41},"end":{"line":321,"column":null}},"205":{"start":{"line":322,"column":20},"end":{"line":328,"column":null}},"206":{"start":{"line":323,"column":24},"end":{"line":327,"column":null}},"207":{"start":{"line":324,"column":28},"end":{"line":324,"column":null}},"208":{"start":{"line":324,"column":64},"end":{"line":324,"column":82}},"209":{"start":{"line":326,"column":28},"end":{"line":326,"column":null}},"210":{"start":{"line":331,"column":12},"end":{"line":331,"column":null}},"211":{"start":{"line":332,"column":12},"end":{"line":334,"column":null}},"212":{"start":{"line":333,"column":16},"end":{"line":333,"column":null}},"213":{"start":{"line":337,"column":8},"end":{"line":339,"column":null}},"214":{"start":{"line":338,"column":12},"end":{"line":338,"column":null}},"215":{"start":{"line":341,"column":8},"end":{"line":341,"column":null}},"216":{"start":{"line":342,"column":8},"end":{"line":342,"column":null}},"217":{"start":{"line":343,"column":8},"end":{"line":343,"column":null}},"218":{"start":{"line":346,"column":3},"end":{"line":353,"column":null}},"219":{"start":{"line":347,"column":7},"end":{"line":352,"column":null}},"220":{"start":{"line":348,"column":12},"end":{"line":348,"column":null}},"221":{"start":{"line":349,"column":12},"end":{"line":351,"column":null}},"222":{"start":{"line":350,"column":16},"end":{"line":350,"column":null}},"223":{"start":{"line":355,"column":3},"end":{"line":358,"column":null}},"224":{"start":{"line":356,"column":8},"end":{"line":356,"column":null}},"225":{"start":{"line":357,"column":8},"end":{"line":357,"column":null}},"226":{"start":{"line":360,"column":3},"end":{"line":362,"column":null}},"227":{"start":{"line":361,"column":8},"end":{"line":361,"column":null}},"228":{"start":{"line":364,"column":3},"end":{"line":383,"column":null}},"229":{"start":{"line":365,"column":8},"end":{"line":365,"column":null}},"230":{"start":{"line":365,"column":61},"end":{"line":365,"column":null}},"231":{"start":{"line":367,"column":8},"end":{"line":382,"column":null}},"232":{"start":{"line":368,"column":30},"end":{"line":368,"column":null}},"233":{"start":{"line":369,"column":12},"end":{"line":381,"column":null}},"234":{"start":{"line":370,"column":40},"end":{"line":370,"column":null}},"235":{"start":{"line":372,"column":16},"end":{"line":380,"column":null}},"236":{"start":{"line":373,"column":20},"end":{"line":373,"column":null}},"237":{"start":{"line":375,"column":20},"end":{"line":379,"column":null}},"238":{"start":{"line":376,"column":24},"end":{"line":378,"column":null}},"239":{"start":{"line":377,"column":28},"end":{"line":377,"column":null}},"240":{"start":{"line":385,"column":4},"end":{"line":395,"column":null}}},"fnMap":{"0":{"name":"useThreeRenderer","decl":{"start":{"line":7,"column":16},"end":{"line":7,"column":32}},"loc":{"start":{"line":7,"column":74},"end":{"line":396,"column":null}},"line":7},"1":{"name":"(anonymous_1)","decl":{"start":{"line":35,"column":42},"end":{"line":35,"column":43}},"loc":{"start":{"line":35,"column":48},"end":{"line":39,"column":5}},"line":35},"2":{"name":"fitCameraToObject","decl":{"start":{"line":41,"column":13},"end":{"line":41,"column":30}},"loc":{"start":{"line":41,"column":64},"end":{"line":70,"column":null}},"line":41},"3":{"name":"onWindowResize","decl":{"start":{"line":72,"column":13},"end":{"line":72,"column":27}},"loc":{"start":{"line":72,"column":30},"end":{"line":78,"column":null}},"line":72},"4":{"name":"(anonymous_4)","decl":{"start":{"line":80,"column":24},"end":{"line":80,"column":25}},"loc":{"start":{"line":80,"column":30},"end":{"line":84,"column":null}},"line":80},"5":{"name":"(anonymous_5)","decl":{"start":{"line":86,"column":27},"end":{"line":86,"column":28}},"loc":{"start":{"line":86,"column":33},"end":{"line":88,"column":null}},"line":86},"6":{"name":"(anonymous_6)","decl":{"start":{"line":90,"column":28},"end":{"line":90,"column":29}},"loc":{"start":{"line":90,"column":34},"end":{"line":92,"column":null}},"line":90},"7":{"name":"initThreeJS","decl":{"start":{"line":94,"column":13},"end":{"line":94,"column":24}},"loc":{"start":{"line":94,"column":27},"end":{"line":138,"column":null}},"line":94},"8":{"name":"animate","decl":{"start":{"line":140,"column":13},"end":{"line":140,"column":20}},"loc":{"start":{"line":140,"column":23},"end":{"line":166,"column":null}},"line":140},"9":{"name":"updateFurnitureModel","decl":{"start":{"line":168,"column":13},"end":{"line":168,"column":33}},"loc":{"start":{"line":168,"column":36},"end":{"line":312,"column":null}},"line":168},"10":{"name":"(anonymous_10)","decl":{"start":{"line":224,"column":28},"end":{"line":224,"column":29}},"loc":{"start":{"line":224,"column":63},"end":{"line":232,"column":null}},"line":224},"11":{"name":"cleanup","decl":{"start":{"line":314,"column":13},"end":{"line":314,"column":20}},"loc":{"start":{"line":314,"column":23},"end":{"line":344,"column":null}},"line":314},"12":{"name":"(anonymous_12)","decl":{"start":{"line":320,"column":37},"end":{"line":320,"column":43}},"loc":{"start":{"line":320,"column":47},"end":{"line":329,"column":17}},"line":320},"13":{"name":"(anonymous_13)","decl":{"start":{"line":324,"column":52},"end":{"line":324,"column":60}},"loc":{"start":{"line":324,"column":64},"end":{"line":324,"column":82}},"line":324},"14":{"name":"(anonymous_14)","decl":{"start":{"line":346,"column":14},"end":{"line":346,"column":15}},"loc":{"start":{"line":346,"column":20},"end":{"line":353,"column":5}},"line":346},"15":{"name":"(anonymous_15)","decl":{"start":{"line":347,"column":17},"end":{"line":347,"column":18}},"loc":{"start":{"line":347,"column":23},"end":{"line":352,"column":9}},"line":347},"16":{"name":"(anonymous_16)","decl":{"start":{"line":355,"column":20},"end":{"line":355,"column":21}},"loc":{"start":{"line":355,"column":26},"end":{"line":358,"column":5}},"line":355},"17":{"name":"(anonymous_17)","decl":{"start":{"line":360,"column":79},"end":{"line":360,"column":80}},"loc":{"start":{"line":360,"column":85},"end":{"line":362,"column":5}},"line":360},"18":{"name":"(anonymous_18)","decl":{"start":{"line":364,"column":31},"end":{"line":364,"column":32}},"loc":{"start":{"line":364,"column":50},"end":{"line":383,"column":5}},"line":364},"19":{"name":"(anonymous_19)","decl":{"start":{"line":367,"column":46},"end":{"line":367,"column":51}},"loc":{"start":{"line":367,"column":55},"end":{"line":382,"column":9}},"line":367}},"branchMap":{"0":{"loc":{"start":{"line":36,"column":8},"end":{"line":38,"column":null}},"type":"if","locations":[{"start":{"line":36,"column":8},"end":{"line":38,"column":null}},{"start":{},"end":{}}],"line":36},"1":{"loc":{"start":{"line":41,"column":50},"end":{"line":41,"column":62}},"type":"default-arg","locations":[{"start":{"line":41,"column":59},"end":{"line":41,"column":62}}],"line":41},"2":{"loc":{"start":{"line":61,"column":32},"end":{"line":61,"column":null}},"type":"cond-expr","locations":[{"start":{"line":61,"column":45},"end":{"line":61,"column":60}},{"start":{"line":61,"column":63},"end":{"line":61,"column":null}}],"line":61},"3":{"loc":{"start":{"line":65,"column":8},"end":{"line":69,"column":null}},"type":"if","locations":[{"start":{"line":65,"column":8},"end":{"line":69,"column":null}},{"start":{},"end":{}}],"line":65},"4":{"loc":{"start":{"line":73,"column":8},"end":{"line":73,"column":null}},"type":"if","locations":[{"start":{"line":73,"column":8},"end":{"line":73,"column":null}},{"start":{},"end":{}}],"line":73},"5":{"loc":{"start":{"line":73,"column":12},"end":{"line":73,"column":72}},"type":"binary-expr","locations":[{"start":{"line":73,"column":12},"end":{"line":73,"column":25}},{"start":{"line":73,"column":29},"end":{"line":73,"column":44}},{"start":{"line":73,"column":48},"end":{"line":73,"column":72}}],"line":73},"6":{"loc":{"start":{"line":81,"column":8},"end":{"line":83,"column":null}},"type":"if","locations":[{"start":{"line":81,"column":8},"end":{"line":83,"column":null}},{"start":{},"end":{}}],"line":81},"7":{"loc":{"start":{"line":81,"column":12},"end":{"line":81,"column":66}},"type":"binary-expr","locations":[{"start":{"line":81,"column":12},"end":{"line":81,"column":32}},{"start":{"line":81,"column":36},"end":{"line":81,"column":48}},{"start":{"line":81,"column":52},"end":{"line":81,"column":66}}],"line":81},"8":{"loc":{"start":{"line":95,"column":8},"end":{"line":95,"column":null}},"type":"if","locations":[{"start":{"line":95,"column":8},"end":{"line":95,"column":null}},{"start":{},"end":{}}],"line":95},"9":{"loc":{"start":{"line":95,"column":12},"end":{"line":95,"column":46}},"type":"binary-expr","locations":[{"start":{"line":95,"column":12},"end":{"line":95,"column":36}},{"start":{"line":95,"column":40},"end":{"line":95,"column":46}}],"line":95},"10":{"loc":{"start":{"line":141,"column":8},"end":{"line":141,"column":null}},"type":"if","locations":[{"start":{"line":141,"column":8},"end":{"line":141,"column":null}},{"start":{},"end":{}}],"line":141},"11":{"loc":{"start":{"line":141,"column":12},"end":{"line":141,"column":60}},"type":"binary-expr","locations":[{"start":{"line":141,"column":12},"end":{"line":141,"column":27}},{"start":{"line":141,"column":31},"end":{"line":141,"column":43}},{"start":{"line":141,"column":47},"end":{"line":141,"column":60}}],"line":141},"12":{"loc":{"start":{"line":145,"column":30},"end":{"line":145,"column":null}},"type":"cond-expr","locations":[{"start":{"line":145,"column":53},"end":{"line":145,"column":67}},{"start":{"line":145,"column":70},"end":{"line":145,"column":null}}],"line":145},"13":{"loc":{"start":{"line":146,"column":31},"end":{"line":146,"column":null}},"type":"cond-expr","locations":[{"start":{"line":146,"column":55},"end":{"line":146,"column":68}},{"start":{"line":146,"column":71},"end":{"line":146,"column":null}}],"line":146},"14":{"loc":{"start":{"line":149,"column":8},"end":{"line":155,"column":null}},"type":"if","locations":[{"start":{"line":149,"column":8},"end":{"line":155,"column":null}},{"start":{},"end":{}}],"line":149},"15":{"loc":{"start":{"line":157,"column":8},"end":{"line":163,"column":null}},"type":"if","locations":[{"start":{"line":157,"column":8},"end":{"line":163,"column":null}},{"start":{},"end":{}}],"line":157},"16":{"loc":{"start":{"line":169,"column":8},"end":{"line":169,"column":null}},"type":"if","locations":[{"start":{"line":169,"column":8},"end":{"line":169,"column":null}},{"start":{},"end":{}}],"line":169},"17":{"loc":{"start":{"line":169,"column":12},"end":{"line":169,"column":59}},"type":"binary-expr","locations":[{"start":{"line":169,"column":12},"end":{"line":169,"column":34}},{"start":{"line":169,"column":38},"end":{"line":169,"column":59}}],"line":169},"18":{"loc":{"start":{"line":173,"column":12},"end":{"line":175,"column":null}},"type":"if","locations":[{"start":{"line":173,"column":12},"end":{"line":175,"column":null}},{"start":{},"end":{}}],"line":173},"19":{"loc":{"start":{"line":173,"column":16},"end":{"line":173,"column":63}},"type":"binary-expr","locations":[{"start":{"line":173,"column":16},"end":{"line":173,"column":44}},{"start":{"line":173,"column":48},"end":{"line":173,"column":63}}],"line":173},"20":{"loc":{"start":{"line":191,"column":8},"end":{"line":195,"column":null}},"type":"if","locations":[{"start":{"line":191,"column":8},"end":{"line":195,"column":null}},{"start":{},"end":{}}],"line":191},"21":{"loc":{"start":{"line":191,"column":12},"end":{"line":192,"column":76}},"type":"binary-expr","locations":[{"start":{"line":191,"column":12},"end":{"line":191,"column":20}},{"start":{"line":191,"column":24},"end":{"line":191,"column":32}},{"start":{"line":191,"column":36},"end":{"line":191,"column":44}},{"start":{"line":191,"column":48},"end":{"line":191,"column":59}},{"start":{"line":192,"column":12},"end":{"line":192,"column":18}},{"start":{"line":192,"column":22},"end":{"line":192,"column":28}},{"start":{"line":192,"column":32},"end":{"line":192,"column":38}},{"start":{"line":192,"column":42},"end":{"line":192,"column":51}},{"start":{"line":192,"column":55},"end":{"line":192,"column":65}},{"start":{"line":192,"column":69},"end":{"line":192,"column":76}}],"line":191},"22":{"loc":{"start":{"line":199,"column":8},"end":{"line":202,"column":null}},"type":"if","locations":[{"start":{"line":199,"column":8},"end":{"line":202,"column":null}},{"start":{},"end":{}}],"line":199},"23":{"loc":{"start":{"line":199,"column":12},"end":{"line":199,"column":42}},"type":"binary-expr","locations":[{"start":{"line":199,"column":12},"end":{"line":199,"column":25}},{"start":{"line":199,"column":29},"end":{"line":199,"column":42}}],"line":199},"24":{"loc":{"start":{"line":208,"column":8},"end":{"line":211,"column":null}},"type":"if","locations":[{"start":{"line":208,"column":8},"end":{"line":211,"column":null}},{"start":{},"end":{}}],"line":208},"25":{"loc":{"start":{"line":225,"column":33},"end":{"line":225,"column":null}},"type":"binary-expr","locations":[{"start":{"line":225,"column":33},"end":{"line":225,"column":53}},{"start":{"line":225,"column":57},"end":{"line":225,"column":null}}],"line":225},"26":{"loc":{"start":{"line":245,"column":12},"end":{"line":248,"column":null}},"type":"if","locations":[{"start":{"line":245,"column":12},"end":{"line":248,"column":null}},{"start":{},"end":{}}],"line":245},"27":{"loc":{"start":{"line":250,"column":12},"end":{"line":266,"column":null}},"type":"if","locations":[{"start":{"line":250,"column":12},"end":{"line":266,"column":null}},{"start":{},"end":{}}],"line":250},"28":{"loc":{"start":{"line":250,"column":16},"end":{"line":250,"column":53}},"type":"binary-expr","locations":[{"start":{"line":250,"column":16},"end":{"line":250,"column":21}},{"start":{"line":250,"column":25},"end":{"line":250,"column":35}},{"start":{"line":250,"column":39},"end":{"line":250,"column":53}}],"line":250},"29":{"loc":{"start":{"line":290,"column":12},"end":{"line":294,"column":null}},"type":"if","locations":[{"start":{"line":290,"column":12},"end":{"line":294,"column":null}},{"start":{"line":292,"column":19},"end":{"line":294,"column":null}}],"line":290},"30":{"loc":{"start":{"line":291,"column":39},"end":{"line":291,"column":null}},"type":"cond-expr","locations":[{"start":{"line":291,"column":62},"end":{"line":291,"column":76}},{"start":{"line":291,"column":79},"end":{"line":291,"column":null}}],"line":291},"31":{"loc":{"start":{"line":296,"column":12},"end":{"line":300,"column":null}},"type":"if","locations":[{"start":{"line":296,"column":12},"end":{"line":300,"column":null}},{"start":{"line":298,"column":19},"end":{"line":300,"column":null}}],"line":296},"32":{"loc":{"start":{"line":297,"column":40},"end":{"line":297,"column":null}},"type":"cond-expr","locations":[{"start":{"line":297,"column":64},"end":{"line":297,"column":77}},{"start":{"line":297,"column":80},"end":{"line":297,"column":null}}],"line":297},"33":{"loc":{"start":{"line":318,"column":8},"end":{"line":335,"column":null}},"type":"if","locations":[{"start":{"line":318,"column":8},"end":{"line":335,"column":null}},{"start":{},"end":{}}],"line":318},"34":{"loc":{"start":{"line":319,"column":12},"end":{"line":330,"column":null}},"type":"if","locations":[{"start":{"line":319,"column":12},"end":{"line":330,"column":null}},{"start":{},"end":{}}],"line":319},"35":{"loc":{"start":{"line":321,"column":20},"end":{"line":321,"column":null}},"type":"if","locations":[{"start":{"line":321,"column":20},"end":{"line":321,"column":null}},{"start":{},"end":{}}],"line":321},"36":{"loc":{"start":{"line":322,"column":20},"end":{"line":328,"column":null}},"type":"if","locations":[{"start":{"line":322,"column":20},"end":{"line":328,"column":null}},{"start":{},"end":{}}],"line":322},"37":{"loc":{"start":{"line":323,"column":24},"end":{"line":327,"column":null}},"type":"if","locations":[{"start":{"line":323,"column":24},"end":{"line":327,"column":null}},{"start":{"line":325,"column":31},"end":{"line":327,"column":null}}],"line":323},"38":{"loc":{"start":{"line":332,"column":12},"end":{"line":334,"column":null}},"type":"if","locations":[{"start":{"line":332,"column":12},"end":{"line":334,"column":null}},{"start":{},"end":{}}],"line":332},"39":{"loc":{"start":{"line":332,"column":16},"end":{"line":332,"column":68}},"type":"binary-expr","locations":[{"start":{"line":332,"column":16},"end":{"line":332,"column":39}},{"start":{"line":332,"column":43},"end":{"line":332,"column":68}}],"line":332},"40":{"loc":{"start":{"line":337,"column":8},"end":{"line":339,"column":null}},"type":"if","locations":[{"start":{"line":337,"column":8},"end":{"line":339,"column":null}},{"start":{},"end":{}}],"line":337},"41":{"loc":{"start":{"line":349,"column":12},"end":{"line":351,"column":null}},"type":"if","locations":[{"start":{"line":349,"column":12},"end":{"line":351,"column":null}},{"start":{},"end":{}}],"line":349},"42":{"loc":{"start":{"line":365,"column":8},"end":{"line":365,"column":null}},"type":"if","locations":[{"start":{"line":365,"column":8},"end":{"line":365,"column":null}},{"start":{},"end":{}}],"line":365},"43":{"loc":{"start":{"line":365,"column":12},"end":{"line":365,"column":59}},"type":"binary-expr","locations":[{"start":{"line":365,"column":12},"end":{"line":365,"column":34}},{"start":{"line":365,"column":38},"end":{"line":365,"column":59}}],"line":365},"44":{"loc":{"start":{"line":369,"column":12},"end":{"line":381,"column":null}},"type":"if","locations":[{"start":{"line":369,"column":12},"end":{"line":381,"column":null}},{"start":{},"end":{}}],"line":369},"45":{"loc":{"start":{"line":369,"column":16},"end":{"line":369,"column":68}},"type":"binary-expr","locations":[{"start":{"line":369,"column":16},"end":{"line":369,"column":25}},{"start":{"line":369,"column":29},"end":{"line":369,"column":68}}],"line":369},"46":{"loc":{"start":{"line":372,"column":16},"end":{"line":380,"column":null}},"type":"if","locations":[{"start":{"line":372,"column":16},"end":{"line":380,"column":null}},{"start":{},"end":{}}],"line":372},"47":{"loc":{"start":{"line":375,"column":20},"end":{"line":379,"column":null}},"type":"if","locations":[{"start":{"line":375,"column":20},"end":{"line":379,"column":null}},{"start":{},"end":{}}],"line":375},"48":{"loc":{"start":{"line":375,"column":24},"end":{"line":375,"column":66}},"type":"binary-expr","locations":[{"start":{"line":375,"column":24},"end":{"line":375,"column":46}},{"start":{"line":375,"column":50},"end":{"line":375,"column":66}}],"line":375},"49":{"loc":{"start":{"line":376,"column":24},"end":{"line":378,"column":null}},"type":"if","locations":[{"start":{"line":376,"column":24},"end":{"line":378,"column":null}},{"start":{},"end":{}}],"line":376},"50":{"loc":{"start":{"line":376,"column":28},"end":{"line":376,"column":97}},"type":"binary-expr","locations":[{"start":{"line":376,"column":28},"end":{"line":376,"column":60}},{"start":{"line":376,"column":64},"end":{"line":376,"column":97}}],"line":376}},"s":{"0":0,"1":0,"2":0,"3":0,"4":0,"5":0,"6":0,"7":0,"8":0,"9":0,"10":0,"11":0,"12":0,"13":0,"14":0,"15":0,"16":0,"17":0,"18":0,"19":0,"20":0,"21":0,"22":0,"23":0,"24":0,"25":0,"26":0,"27":0,"28":0,"29":0,"30":0,"31":0,"32":0,"33":0,"34":0,"35":0,"36":0,"37":0,"38":0,"39":0,"40":0,"41":0,"42":0,"43":0,"44":0,"45":0,"46":0,"47":0,"48":0,"49":0,"50":0,"51":0,"52":0,"53":0,"54":0,"55":0,"56":0,"57":0,"58":0,"59":0,"60":0,"61":0,"62":0,"63":0,"64":0,"65":0,"66":0,"67":0,"68":0,"69":0,"70":0,"71":0,"72":0,"73":0,"74":0,"75":0,"76":0,"77":0,"78":0,"79":0,"80":0,"81":0,"82":0,"83":0,"84":0,"85":0,"86":0,"87":0,"88":0,"89":0,"90":0,"91":0,"92":0,"93":0,"94":0,"95":0,"96":0,"97":0,"98":0,"99":0,"100":0,"101":0,"102":0,"103":0,"104":0,"105":0,"106":0,"107":0,"108":0,"109":0,"110":0,"111":0,"112":0,"113":0,"114":0,"115":0,"116":0,"117":0,"118":0,"119":0,"120":0,"121":0,"122":0,"123":0,"124":0,"125":0,"126":0,"127":0,"128":0,"129":0,"130":0,"131":0,"132":0,"133":0,"134":0,"135":0,"136":0,"137":0,"138":0,"139":0,"140":0,"141":0,"142":0,"143":0,"144":0,"145":0,"146":0,"147":0,"148":0,"149":0,"150":0,"151":0,"152":0,"153":0,"154":0,"155":0,"156":0,"157":0,"158":0,"159":0,"160":0,"161":0,"162":0,"163":0,"164":0,"165":0,"166":0,"167":0,"168":0,"169":0,"170":0,"171":0,"172":0,"173":0,"174":0,"175":0,"176":0,"177":0,"178":0,"179":0,"180":0,"181":0,"182":0,"183":0,"184":0,"185":0,"186":0,"187":0,"188":0,"189":0,"190":0,"191":0,"192":0,"193":0,"194":0,"195":0,"196":0,"197":0,"198":0,"199":0,"200":0,"201":0,"202":0,"203":0,"204":0,"205":0,"206":0,"207":0,"208":0,"209":0,"210":0,"211":0,"212":0,"213":0,"214":0,"215":0,"216":0,"217":0,"218":0,"219":0,"220":0,"221":0,"222":0,"223":0,"224":0,"225":0,"226":0,"227":0,"228":0,"229":0,"230":0,"231":0,"232":0,"233":0,"234":0,"235":0,"236":0,"237":0,"238":0,"239":0,"240":0},"f":{"0":0,"1":0,"2":0,"3":0,"4":0,"5":0,"6":0,"7":0,"8":0,"9":0,"10":0,"11":0,"12":0,"13":0,"14":0,"15":0,"16":0,"17":0,"18":0,"19":0},"b":{"0":[0,0],"1":[0],"2":[0,0],"3":[0,0],"4":[0,0],"5":[0,0,0],"6":[0,0],"7":[0,0,0],"8":[0,0],"9":[0,0],"10":[0,0],"11":[0,0,0],"12":[0,0],"13":[0,0],"14":[0,0],"15":[0,0],"16":[0,0],"17":[0,0],"18":[0,0],"19":[0,0],"20":[0,0],"21":[0,0,0,0,0,0,0,0,0,0],"22":[0,0],"23":[0,0],"24":[0,0],"25":[0,0],"26":[0,0],"27":[0,0],"28":[0,0,0],"29":[0,0],"30":[0,0],"31":[0,0],"32":[0,0],"33":[0,0],"34":[0,0],"35":[0,0],"36":[0,0],"37":[0,0],"38":[0,0],"39":[0,0],"40":[0,0],"41":[0,0],"42":[0,0],"43":[0,0],"44":[0,0],"45":[0,0],"46":[0,0],"47":[0,0],"48":[0,0],"49":[0,0],"50":[0,0]},"meta":{"lastBranch":51,"lastFunction":20,"lastStatement":241,"seen":{"f:7:16:7:32":0,"s:8:56:8:Infinity":0,"s:10:29:10:Infinity":1,"s:11:17:11:Infinity":2,"s:12:18:12:Infinity":3,"s:13:20:13:Infinity":4,"s:14:20:14:Infinity":5,"s:15:26:15:Infinity":6,"s:16:27:16:Infinity":7,"s:17:23:17:Infinity":8,"s:18:28:18:Infinity":9,"s:19:29:19:Infinity":10,"s:20:31:27:Infinity":11,"s:28:26:28:Infinity":12,"s:29:27:29:Infinity":13,"s:31:27:31:Infinity":14,"s:32:26:32:Infinity":15,"s:35:32:39:Infinity":16,"f:35:42:35:43":1,"b:36:8:38:Infinity:undefined:undefined:undefined:undefined":0,"s:36:8:38:Infinity":17,"s:37:12:37:Infinity":18,"f:41:13:41:30":2,"b:41:59:41:62":1,"s:42:28:42:Infinity":19,"s:43:8:43:Infinity":20,"s:45:23:45:Infinity":21,"s:46:8:46:Infinity":22,"s:48:21:48:Infinity":23,"s:49:8:49:Infinity":24,"s:51:23:51:Infinity":25,"s:52:20:52:Infinity":26,"s:53:22:53:Infinity":27,"s:54:8:54:Infinity":28,"s:56:8:56:Infinity":29,"s:57:8:57:Infinity":30,"s:58:8:58:Infinity":31,"s:60:21:60:Infinity":32,"s:61:32:61:Infinity":33,"b:61:45:61:60:61:63:61:Infinity":2,"s:62:8:62:Infinity":34,"s:63:8:63:Infinity":35,"b:65:8:69:Infinity:undefined:undefined:undefined:undefined":3,"s:65:8:69:Infinity":36,"s:66:12:66:Infinity":37,"s:67:12:67:Infinity":38,"s:68:12:68:Infinity":39,"f:72:13:72:27":3,"b:73:8:73:Infinity:undefined:undefined:undefined:undefined":4,"s:73:8:73:Infinity":40,"b:73:12:73:25:73:29:73:44:73:48:73:72":5,"s:73:74:73:Infinity":41,"s:74:26:74:Infinity":42,"s:75:8:75:Infinity":43,"s:76:8:76:Infinity":44,"s:77:8:77:Infinity":45,"s:80:24:84:Infinity":46,"f:80:24:80:25":4,"b:81:8:83:Infinity:undefined:undefined:undefined:undefined":6,"s:81:8:83:Infinity":47,"b:81:12:81:32:81:36:81:48:81:52:81:66":7,"s:82:12:82:Infinity":48,"s:86:27:88:Infinity":49,"f:86:27:86:28":5,"s:87:8:87:Infinity":50,"s:90:28:92:Infinity":51,"f:90:28:90:29":6,"s:91:8:91:Infinity":52,"f:94:13:94:24":7,"b:95:8:95:Infinity:undefined:undefined:undefined:undefined":8,"s:95:8:95:Infinity":53,"b:95:12:95:36:95:40:95:46":9,"s:95:48:95:Infinity":54,"s:97:8:137:Infinity":55,"s:98:27:98:Infinity":56,"s:99:12:99:Infinity":57,"s:100:12:100:Infinity":58,"s:102:30:102:Infinity":59,"s:103:27:103:Infinity":60,"s:104:28:104:Infinity":61,"s:105:12:105:Infinity":62,"s:106:12:106:Infinity":63,"s:108:12:108:Infinity":64,"s:109:29:109:Infinity":65,"s:110:12:110:Infinity":66,"s:111:12:111:Infinity":67,"s:113:30:113:Infinity":68,"s:114:12:114:Infinity":69,"s:115:12:115:Infinity":70,"s:116:12:116:Infinity":71,"s:117:12:117:Infinity":72,"s:119:30:119:Infinity":73,"s:120:12:120:Infinity":74,"s:121:12:121:Infinity":75,"s:122:12:122:Infinity":76,"s:123:12:123:Infinity":77,"s:125:36:125:Infinity":78,"s:126:12:126:Infinity":79,"s:127:12:127:Infinity":80,"s:129:12:129:Infinity":81,"s:130:12:130:Infinity":82,"s:131:12:131:Infinity":83,"s:132:12:132:Infinity":84,"s:134:12:134:Infinity":85,"s:135:12:135:Infinity":86,"s:136:12:136:Infinity":87,"f:140:13:140:20":8,"b:141:8:141:Infinity:undefined:undefined:undefined:undefined":10,"s:141:8:141:Infinity":88,"b:141:12:141:27:141:31:141:43:141:47:141:60":11,"s:141:62:141:Infinity":89,"s:142:8:142:Infinity":90,"s:143:8:143:Infinity":91,"s:145:30:145:Infinity":92,"b:145:53:145:67:145:70:145:Infinity":12,"s:146:31:146:Infinity":93,"b:146:55:146:68:146:71:146:Infinity":13,"s:147:27:147:Infinity":94,"b:149:8:155:Infinity:undefined:undefined:undefined:undefined":14,"s:149:8:155:Infinity":95,"s:150:12:154:Infinity":96,"b:157:8:163:Infinity:undefined:undefined:undefined:undefined":15,"s:157:8:163:Infinity":97,"s:158:12:162:Infinity":98,"s:165:8:165:Infinity":99,"f:168:13:168:33":9,"b:169:8:169:Infinity:undefined:undefined:undefined:undefined":16,"s:169:8:169:Infinity":100,"b:169:12:169:34:169:38:169:59":17,"s:169:61:169:Infinity":101,"s:171:8:177:Infinity":102,"s:172:27:172:Infinity":103,"b:173:12:175:Infinity:undefined:undefined:undefined:undefined":18,"s:173:12:175:Infinity":104,"b:173:16:173:44:173:48:173:63":19,"s:174:16:174:Infinity":105,"s:176:12:176:Infinity":106,"s:179:8:179:Infinity":107,"s:180:8:180:Infinity":108,"s:181:8:181:Infinity":109,"s:183:18:183:Infinity":110,"s:184:18:184:Infinity":111,"s:185:18:185:Infinity":112,"s:186:21:186:Infinity":113,"s:187:20:187:Infinity":114,"s:188:22:188:Infinity":115,"s:189:23:189:Infinity":116,"b:191:8:195:Infinity:undefined:undefined:undefined:undefined":20,"s:191:8:195:Infinity":117,"b:191:12:191:20:191:24:191:32:191:36:191:44:191:48:191:59:192:12:192:18:192:22:192:28:192:32:192:38:192:42:192:51:192:55:192:65:192:69:192:76":21,"s:193:12:193:Infinity":118,"s:194:12:194:Infinity":119,"s:197:21:197:Infinity":
[...]
,"/home/sms/code/cabinetbuilder/src/config/constants.js": {"path":"/home/sms/code/cabinetbuilder/src/config/constants.js","statementMap":{"0":{"start":{"line":1,"column":24},"end":{"line":9,"column":null}},"1":{"start":{"line":11,"column":28},"end":{"line":22,"column":null}},"2":{"start":{"line":24,"column":24},"end":{"line":36,"column":null}},"3":{"start":{"line":38,"column":27},"end":{"line":45,"column":null}}},"fnMap":{},"branchMap":{},"s":{"0":1,"1":1,"2":1,"3":1},"f":{},"b":{},"meta":{"lastBranch":0,"lastFunction":0,"lastStatement":4,"seen":{"s:1:24:9:Infinity":0,"s:11:28:22:Infinity":1,"s:24:24:36:Infinity":2,"s:38:27:45:Infinity":3}}}
,"/home/sms/code/cabinetbuilder/src/services/packingService.js": {"path":"/home/sms/code/cabinetbuilder/src/services/packingService.js","statementMap":{"0":{"start":{"line":4,"column":18},"end":{"line":4,"column":null}},"1":{"start":{"line":5,"column":31},"end":{"line":5,"column":null}},"2":{"start":{"line":6,"column":19},"end":{"line":6,"column":null}},"3":{"start":{"line":9,"column":8},"end":{"line":13,"column":null}},"4":{"start":{"line":17,"column":26},"end":{"line":17,"column":null}},"5":{"start":{"line":18,"column":26},"end":{"line":18,"column":null}},"6":{"start":{"line":19,"column":23},"end":{"line":19,"column":null}},"7":{"start":{"line":20,"column":24},"end":{"line":20,"column":null}},"8":{"start":{"line":21,"column":8},"end":{"line":21,"column":null}},"9":{"start":{"line":25,"column":8},"end":{"line":29,"column":null}},"10":{"start":{"line":26,"column":26},"end":{"line":26,"column":null}},"11":{"start":{"line":27,"column":26},"end":{"line":27,"column":null}},"12":{"start":{"line":28,"column":12},"end":{"line":28,"column":null}},"13":{"start":{"line":31,"column":8},"end":{"line":79,"column":null}},"14":{"start":{"line":31,"column":21},"end":{"line":31,"column":22}},"15":{"start":{"line":32,"column":23},"end":{"line":32,"column":null}},"16":{"start":{"line":33,"column":44},"end":{"line":33,"column":null}},"17":{"start":{"line":35,"column":12},"end":{"line":78,"column":null}},"18":{"start":{"line":36,"column":30},"end":{"line":36,"column":null}},"19":{"start":{"line":37,"column":26},"end":{"line":37,"column":null}},"20":{"start":{"line":38,"column":26},"end":{"line":38,"column":null}},"21":{"start":{"line":40,"column":16},"end":{"line":51,"column":null}},"22":{"start":{"line":53,"column":16},"end":{"line":53,"column":null}},"23":{"start":{"line":55,"column":36},"end":{"line":55,"column":null}},"24":{"start":{"line":56,"column":32},"end":{"line":56,"column":null}},"25":{"start":{"line":57,"column":32},"end":{"line":57,"column":null}},"26":{"start":{"line":59,"column":16},"end":{"line":66,"column":null}},"27":{"start":{"line":60,"column":20},"end":{"line":65,"column":null}},"28":{"start":{"line":68,"column":16},"end":{"line":75,"column":null}},"29":{"start":{"line":69,"column":20},"end":{"line":74,"column":null}},"30":{"start":{"line":77,"column":16},"end":{"line":77,"column":null}},"31":{"start":{"line":80,"column":8},"end":{"line":80,"column":null}},"32":{"start":{"line":83,"column":16},"end":{"line":83,"column":null}},"33":{"start":{"line":84,"column":4},"end":{"line":108,"column":null}},"34":{"start":{"line":85,"column":19},"end":{"line":85,"column":null}},"35":{"start":{"line":86,"column":19},"end":{"line":86,"column":null}},"36":{"start":{"line":87,"column":28},"end":{"line":87,"column":null}},"37":{"start":{"line":89,"column":8},"end":{"line":92,"column":null}},"38":{"start":{"line":91,"column":12},"end":{"line":91,"column":null}},"39":{"start":{"line":94,"column":8},"end":{"line":107,"column":null}},"40":{"start":{"line":94,"column":21},"end":{"line":94,"column":22}},"41":{"start":{"line":95,"column":12},"end":{"line":106,"column":null}},"42":{"start":{"line":110,"column":4},"end":{"line":110,"column":null}},"43":{"start":{"line":110,"column":25},"end":{"line":110,"column":40}},"44":{"start":{"line":112,"column":4},"end":{"line":130,"column":null}},"45":{"start":{"line":113,"column":23},"end":{"line":113,"column":null}},"46":{"start":{"line":115,"column":8},"end":{"line":120,"column":null}},"47":{"start":{"line":116,"column":12},"end":{"line":119,"column":null}},"48":{"start":{"line":117,"column":16},"end":{"line":117,"column":null}},"49":{"start":{"line":118,"column":16},"end":{"line":118,"column":null}},"50":{"start":{"line":122,"column":8},"end":{"line":129,"column":null}},"51":{"start":{"line":123,"column":23},"end":{"line":123,"column":null}},"52":{"start":{"line":124,"column":12},"end":{"line":128,"column":null}},"53":{"start":{"line":125,"column":16},"end":{"line":125,"column":null}},"54":{"start":{"line":127,"column":16},"end":{"line":127,"column":null}},"55":{"start":{"line":132,"column":4},"end":{"line":132,"column":null}}},"fnMap":{"0":{"name":"fitPiezasEnTablas","decl":{"start":{"line":3,"column":16},"end":{"line":3,"column":33}},"loc":{"start":{"line":3,"column":69},"end":{"line":133,"column":null}},"line":3},"1":{"name":"crearHoja","decl":{"start":{"line":8,"column":13},"end":{"line":8,"column":22}},"loc":{"start":{"line":8,"column":27},"end":{"line":14,"column":null}},"line":8},"2":{"name":"puedeColocar","decl":{"start":{"line":16,"column":13},"end":{"line":16,"column":25}},"loc":{"start":{"line":16,"column":38},"end":{"line":22,"column":null}},"line":16},"3":{"name":"colocarPiezaEnHoja","decl":{"start":{"line":24,"column":13},"end":{"line":24,"column":31}},"loc":{"start":{"line":24,"column":45},"end":{"line":81,"column":null}},"line":24},"4":{"name":"(anonymous_4)","decl":{"start":{"line":25,"column":27},"end":{"line":25,"column":28}},"loc":{"start":{"line":25,"column":37},"end":{"line":29,"column":9}},"line":25},"5":{"name":"(anonymous_5)","decl":{"start":{"line":110,"column":15},"end":{"line":110,"column":16}},"loc":{"start":{"line":110,"column":25},"end":{"line":110,"column":40}},"line":110}},"branchMap":{"0":{"loc":{"start":{"line":19,"column":23},"end":{"line":19,"column":null}},"type":"binary-expr","locations":[{"start":{"line":19,"column":23},"end":{"line":19,"column":40}},{"start":{"line":19,"column":44},"end":{"line":19,"column":null}}],"line":19},"1":{"loc":{"start":{"line":20,"column":24},"end":{"line":20,"column":null}},"type":"binary-expr","locations":[{"start":{"line":20,"column":24},"end":{"line":20,"column":41}},{"start":{"line":20,"column":45},"end":{"line":20,"column":null}}],"line":20},"2":{"loc":{"start":{"line":21,"column":23},"end":{"line":21,"column":40}},"type":"binary-expr","locations":[{"start":{"line":21,"column":23},"end":{"line":21,"column":29}},{"start":{"line":21,"column":33},"end":{"line":21,"column":40}}],"line":21},"3":{"loc":{"start":{"line":21,"column":57},"end":{"line":21,"column":75}},"type":"binary-expr","locations":[{"start":{"line":21,"column":57},"end":{"line":21,"column":64}},{"start":{"line":21,"column":68},"end":{"line":21,"column":75}}],"line":21},"4":{"loc":{"start":{"line":35,"column":12},"end":{"line":78,"column":null}},"type":"if","locations":[{"start":{"line":35,"column":12},"end":{"line":78,"column":null}},{"start":{},"end":{}}],"line":35},"5":{"loc":{"start":{"line":37,"column":26},"end":{"line":37,"column":null}},"type":"cond-expr","locations":[{"start":{"line":37,"column":34},"end":{"line":37,"column":41}},{"start":{"line":37,"column":44},"end":{"line":37,"column":null}}],"line":37},"6":{"loc":{"start":{"line":38,"column":26},"end":{"line":38,"column":null}},"type":"cond-expr","locations":[{"start":{"line":38,"column":34},"end":{"line":38,"column":41}},{"start":{"line":38,"column":44},"end":{"line":38,"column":null}}],"line":38},"7":{"loc":{"start":{"line":59,"column":16},"end":{"line":66,"column":null}},"type":"if","locations":[{"start":{"line":59,"column":16},"end":{"line":66,"column":null}},{"start":{},"end":{}}],"line":59},"8":{"loc":{"start":{"line":68,"column":16},"end":{"line":75,"column":null}},"type":"if","locations":[{"start":{"line":68,"column":16},"end":{"line":75,"column":null}},{"start":{},"end":{}}],"line":68},"9":{"loc":{"start":{"line":89,"column":8},"end":{"line":92,"column":null}},"type":"if","locations":[{"start":{"line":89,"column":8},"end":{"line":92,"column":null}},{"start":{},"end":{}}],"line":89},"10":{"loc":{"start":{"line":89,"column":14},"end":{"line":90,"column":72}},"type":"binary-expr","locations":[{"start":{"line":89,"column":15},"end":{"line":89,"column":41}},{"start":{"line":89,"column":45},"end":{"line":89,"column":71}},{"start":{"line":90,"column":15},"end":{"line":90,"column":41}},{"start":{"line":90,"column":45},"end":{"line":90,"column":71}}],"line":89},"11":{"loc":{"start":{"line":116,"column":12},"end":{"line":119,"column":null}},"type":"if","locations":[{"start":{"line":116,"column":12},"end":{"line":119,"column":null}},{"start":{},"end":{}}],"line":116},"12":{"loc":{"start":{"line":122,"column":8},"end":{"line":129,"column":null}},"type":"if","locations":[{"start":{"line":122,"column":8},"end":{"line":129,"column":null}},{"start":{},"end":{}}],"line":122},"13":{"loc":{"start":{"line":124,"column":12},"end":{"line":128,"column":null}},"type":"if","locations":[{"start":{"line":124,"column":12},"end":{"line":128,"column":null}},{"start":{"line":126,"column":19},"end":{"line":128,"column":null}}],"line":124}},"s":{"0":0,"1":0,"2":0,"3":0,"4":0,"5":0,"6":0,"7":0,"8":0,"9":0,"10":0,"11":0,"12":0,"13":0,"14":0,"15":0,"16":0,"17":0,"18":0,"19":0,"20":0,"21":0,"22":0,"23":0,"24":0,"25":0,"26":0,"27":0,"28":0,"29":0,"30":0,"31":0,"32":0,"33":0,"34":0,"35":0,"36":0,"37":0,"38":0,"39":0,"40":0,"41":0,"42":0,"43":0,"44":0,"45":0,"46":0,"47":0,"48":0,"49":0,"50":0,"51":0,"52":0,"53":0,"54":0,"55":0},"f":{"0":0,"1":0,"2":0,"3":0,"4":0,"5":0},"b":{"0":[0,0],"1":[0,0],"2":[0,0],"3":[0,0],"4":[0,0],"5":[0,0],"6":[0,0],"7":[0,0],"8":[0,0],"9":[0,0],"10":[0,0,0,0],"11":[0,0],"12":[0,0],"13":[0,0]},"meta":{"lastBranch":14,"lastFunction":6,"lastStatement":56,"seen":{"f:3:16:3:33":0,"s:4:18:4:Infinity":0,"s:5:31:5:Infinity":1,"s:6:19:6:Infinity":2,"f:8:13:8:22":1,"s:9:8:13:Infinity":3,"f:16:13:16:25":2,"s:17:26:17:Infinity":4,"s:18:26:18:Infinity":5,"s:19:23:19:Infinity":6,"b:19:23:19:40:19:44:19:Infinity":0,"s:20:24:20:Infinity":7,"b:20:24:20:41:20:45:20:Infinity":1,"s:21:8:21:Infinity":8,"b:21:23:21:29:21:33:21:40":2,"b:21:57:21:64:21:68:21:75":3,"f:24:13:24:31":3,"s:25:8:29:Infinity":9,"f:25:27:25:28":4,"s:26:26:26:Infinity":10,"s:27:26:27:Infinity":11,"s:28:12:28:Infinity":12,"s:31:8:79:Infinity":13,"s:31:21:31:22":14,"s:32:23:32:Infinity":15,"s:33:44:33:Infinity":16,"b:35:12:78:Infinity:undefined:undefined:undefined:undefined":4,"s:35:12:78:Infinity":17,"s:36:30:36:Infinity":18,"s:37:26:37:Infinity":19,"b:37:34:37:41:37:44:37:Infinity":5,"s:38:26:38:Infinity":20,"b:38:34:38:41:38:44:38:Infinity":6,"s:40:16:51:Infinity":21,"s:53:16:53:Infinity":22,"s:55:36:55:Infinity":23,"s:56:32:56:Infinity":24,"s:57:32:57:Infinity":25,"b:59:16:66:Infinity:undefined:undefined:undefined:undefined":7,"s:59:16:66:Infinity":26,"s:60:20:65:Infinity":27,"b:68:16:75:Infinity:undefined:undefined:undefined:undefined":8,"s:68:16:75:Infinity":28,"s:69:20:74:Infinity":29,"s:77:16:77:Infinity":30,"s:80:8:80:Infinity":31,"s:83:16:83:Infinity":32,"s:84:4:108:Infinity":33,"s:85:19:85:Infinity":34,"s:86:19:86:Infinity":35,"s:87:28:87:Infinity":36,"b:89:8:92:Infinity:undefined:undefined:undefined:undefined":9,"s:89:8:92:Infinity":37,"b:89:15:89:41:89:45:89:71:90:15:90:41:90:45:90:71":10,"s:91:12:91:Infinity":38,"s:94:8:107:Infinity":39,"s:94:21:94:22":40,"s:95:12:106:Infinity":41,"s:110:4:110:Infinity":42,"f:110:15:110:16":5,"s:110:25:110:40":43,"s:112:4:130:Infinity":44,"s:113:23:113:Infinity":45,"s:115:8:120:Infinity":46,"b:116:12:119:Infinity:undefined:undefined:undefined:undefined":11,"s:116:12:119:Infinity":47,"s:117:16:117:Infinity":48,"s:118:16:118:Infinity":49,"b:122:8:129:Infinity:undefined:undefined:undefined:undefined":12,"s:122:8:129:Infinity":50,"s:123:23:123:Infinity":51,"b:124:12:128:Infinity:126:19:128:Infinity":13,"s:124:12:128:Infinity":52,"s:125:16:125:Infinity":53,"s:127:16:127:Infinity":54,"s:132:4:132:Infinity":55}}}
,"/home/sms/code/cabinetbuilder/src/utils/debounce.js": {"path":"/home/sms/code/cabinetbuilder/src/utils/debounce.js","statementMap":{"0":{"start":{"line":10,"column":20},"end":{"line":10,"column":null}},"1":{"start":{"line":12,"column":24},"end":{"line":20,"column":null}},"2":{"start":{"line":13,"column":8},"end":{"line":15,"column":null}},"3":{"start":{"line":14,"column":12},"end":{"line":14,"column":null}},"4":{"start":{"line":16,"column":8},"end":{"line":19,"column":null}},"5":{"start":{"line":17,"column":12},"end":{"line":17,"column":null}},"6":{"start":{"line":18,"column":12},"end":{"line":18,"column":null}},"7":{"start":{"line":22,"column":4},"end":{"line":27,"column":null}},"8":{"start":{"line":23,"column":8},"end":{"line":26,"column":null}},"9":{"start":{"line":24,"column":12},"end":{"line":24,"column":null}},"10":{"start":{"line":25,"column":12},"end":{"line":25,"column":null}},"11":{"start":{"line":29,"column":4},"end":{"line":29,"column":null}}},"fnMap":{"0":{"name":"debounce","decl":{"start":{"line":9,"column":16},"end":{"line":9,"column":24}},"loc":{"start":{"line":9,"column":36},"end":{"line":30,"column":null}},"line":9},"1":{"name":"(anonymous_1)","decl":{"start":{"line":12,"column":24},"end":{"line":12,"column":25}},"loc":{"start":{"line":12,"column":37},"end":{"line":20,"column":null}},"line":12},"2":{"name":"(anonymous_2)","decl":{"start":{"line":16,"column":31},"end":{"line":16,"column":32}},"loc":{"start":{"line":16,"column":37},"end":{"line":19,"column":9}},"line":16},"3":{"name":"(anonymous_3)","decl":{"start":{"line":22,"column":25},"end":{"line":22,"column":26}},"loc":{"start":{"line":22,"column":31},"end":{"line":27,"column":null}},"line":22}},"branchMap":{"0":{"loc":{"start":{"line":13,"column":8},"end":{"line":15,"column":null}},"type":"if","locations":[{"start":{"line":13,"column":8},"end":{"line":15,"column":null}},{"start":{},"end":{}}],"line":13},"1":{"loc":{"start":{"line":23,"column":8},"end":{"line":26,"column":null}},"type":"if","locations":[{"start":{"line":23,"column":8},"end":{"line":26,"column":null}},{"start":{},"end":{}}],"line":23}},"s":{"0":0,"1":0,"2":0,"3":0,"4":0,"5":0,"6":0,"7":0,"8":0,"9":0,"10":0,"11":0},"f":{"0":0,"1":0,"2":0,"3":0},"b":{"0":[0,0],"1":[0,0]},"meta":{"lastBranch":2,"lastFunction":4,"lastStatement":12,"seen":{"f:9:16:9:24":0,"s:10:20:10:Infinity":0,"s:12:24:20:Infinity":1,"f:12:24:12:25":1,"b:13:8:15:Infinity:undefined:undefined:undefined:undefined":0,"s:13:8:15:Infinity":2,"s:14:12:14:Infinity":3,"s:16:8:19:Infinity":4,"f:16:31:16:32":2,"s:17:12:17:Infinity":5,"s:18:12:18:Infinity":6,"s:22:4:27:Infinity":7,"f:22:25:22:26":3,"b:23:8:26:Infinity:undefined:undefined:undefined:undefined":1,"s:23:8:26:Infinity":8,"s:24:12:24:Infinity":9,"s:25:12:25:Infinity":10,"s:29:4:29:Infinity":11}}}
,"/home/sms/code/cabinetbuilder/src/utils/formatters.js": {"path":"/home/sms/code/cabinetbuilder/src/utils/formatters.js","statementMap":{"0":{"start":{"line":4,"column":4},"end":{"line":4,"column":null}},"1":{"start":{"line":8,"column":4},"end":{"line":8,"column":null}},"2":{"start":{"line":8,"column":51},"end":{"line":8,"column":null}},"3":{"start":{"line":9,"column":4},"end":{"line":9,"column":null}},"4":{"start":{"line":13,"column":4},"end":{"line":13,"column":null}},"5":{"start":{"line":17,"column":23},"end":{"line":17,"column":null}},"6":{"start":{"line":18,"column":23},"end":{"line":18,"column":null}},"7":{"start":{"line":19,"column":22},"end":{"line":19,"column":null}},"8":{"start":{"line":20,"column":23},"end":{"line":20,"column":null}},"9":{"start":{"line":22,"column":4},"end":{"line":29,"column":null}},"10":{"start":{"line":33,"column":4},"end":{"line":37,"column":null}}},"fnMap":{"0":{"name":"formatDecimal","decl":{"start":{"line":3,"column":16},"end":{"line":3,"column":29}},"loc":{"start":{"line":3,"column":37},"end":{"line":5,"column":null}},"line":3},"1":{"name":"formatCurrency","decl":{"start":{"line":7,"column":16},"end":{"line":7,"column":30}},"loc":{"start":{"line":7,"column":38},"end":{"line":10,"column":null}},"line":7},"2":{"name":"getPieceLabel","decl":{"start":{"line":12,"column":16},"end":{"line":12,"column":29}},"loc":{"start":{"line":12,"column":36},"end":{"line":14,"column":null}},"line":12},"3":{"name":"getPieceStyle","decl":{"start":{"line":16,"column":16},"end":{"line":16,"column":29}},"loc":{"start":{"line":16,"column":67},"end":{"line":30,"column":null}},"line":16},"4":{"name":"getPieceTooltip","decl":{"start":{"line":32,"column":16},"end":{"line":32,"column":31}},"loc":{"start":{"line":32,"column":39},"end":{"line":38,"column":null}},"line":32}},"branchMap":{"0":{"loc":{"start":{"line":4,"column":11},"end":{"line":4,"column":null}},"type":"cond-expr","locations":[{"start":{"line":4,"column":39},"end":{"line":4,"column":55}},{"start":{"line":4,"column":58},"end":{"line":4,"column":null}}],"line":4},"1":{"loc":{"start":{"line":8,"column":4},"end":{"line":8,"column":null}},"type":"if","locations":[{"start":{"line":8,"column":4},"end":{"line":8,"column":null}},{"start":{},"end":{}}],"line":8},"2":{"loc":{"start":{"line":8,"column":8},"end":{"line":8,"column":49}},"type":"binary-expr","locations":[{"start":{"line":8,"column":8},"end":{"line":8,"column":33}},{"start":{"line":8,"column":37},"end":{"line":8,"column":49}}],"line":8},"3":{"loc":{"start":{"line":13,"column":11},"end":{"line":13,"column":null}},"type":"binary-expr","locations":[{"start":{"line":13,"column":11},"end":{"line":13,"column":28}},{"start":{"line":13,"column":32},"end":{"line":13,"column":null}}],"line":13},"4":{"loc":{"start":{"line":17,"column":23},"end":{"line":17,"column":null}},"type":"cond-expr","locations":[{"start":{"line":17,"column":43},"end":{"line":17,"column":56}},{"start":{"line":17,"column":59},"end":{"line":17,"column":null}}],"line":17},"5":{"loc":{"start":{"line":18,"column":23},"end":{"line":18,"column":null}},"type":"cond-expr","locations":[{"start":{"line":18,"column":43},"end":{"line":18,"column":56}},{"start":{"line":18,"column":59},"end":{"line":18,"column":null}}],"line":18}},"s":{"0":11,"1":8,"2":4,"3":4,"4":0,"5":0,"6":0,"7":0,"8":0,"9":0,"10":0},"f":{"0":11,"1":8,"2":0,"3":0,"4":0},"b":{"0":[8,3],"1":[4,4],"2":[8,5],"3":[0,0],"4":[0,0],"5":[0,0]},"meta":{"lastBranch":6,"lastFunction":5,"lastStatement":11,"seen":{"f:3:16:3:29":0,"s:4:4:4:Infinity":0,"b:4:39:4:55:4:58:4:Infinity":0,"f:7:16:7:30":1,"b:8:4:8:Infinity:undefined:undefined:undefined:undefined":1,"s:8:4:8:Infinity":1,"b:8:8:8:33:8:37:8:49":2,"s:8:51:8:Infinity":2,"s:9:4:9:Infinity":3,"f:12:16:12:29":2,"s:13:4:13:Infinity":4,"b:13:11:13:28:13:32:13:Infinity":3,"f:16:16:16:29":3,"s:17:23:17:Infinity":5,"b:17:43:17:56:17:59:17:Infinity":4,"s:18:23:18:Infinity":6,"b:18:43:18:56:18:59:18:Infinity":5,"s:19:22:19:Infinity":7,"s:20:23:20:Infinity":8,"s:22:4:29:Infinity":9,"f:32:16:32:31":4,"s:33:4:37:Infinity":10}}}
}
